

<!DOCTYPE html>
<html>
<head>
<meta charset="utf-8">
<meta name="viewport" content="width=device-width, initial-scale=1, shrink-to-fit=no">
<title>D:\Selenium Live Projects\TeamResolutionCheckWeekly\reports\ExtentReport.html</title>
<link rel="apple-touch-icon" href="https://cdn.jsdelivr.net/gh/extent-framework/extent-github-cdn@b00a2d0486596e73dd7326beacf352c639623a0e/commons/img/logo.png">
<link rel="shortcut icon" href="https://cdn.jsdelivr.net/gh/extent-framework/extent-github-cdn@b00a2d0486596e73dd7326beacf352c639623a0e/commons/img/logo.png">
<link href="https://cdn.jsdelivr.net/gh/extent-framework/extent-github-cdn@d6562a79075e061305ccfdb82f01e5e195e2d307/spark/css/spark-style.css" rel="stylesheet" />
<link href="https://stackpath.bootstrapcdn.com/font-awesome/4.7.0/css/font-awesome.min.css" rel="stylesheet">
<script src="https://cdn.jsdelivr.net/gh/extent-framework/extent-github-cdn@7cc78ce/spark/js/jsontree.js"></script>
<style type="text/css"></style></head><body class="spa -report dark">
  <div class="app">
    <div class="layout">
<div class="header navbar">
<div class="vheader">
<div class="nav-logo">
<a href="#">
<div class="logo" style="background-image: url('https://cdn.jsdelivr.net/gh/extent-framework/extent-github-cdn@b00a2d0486596e73dd7326beacf352c639623a0e/commons/img/logo.png')"></div>
</a>
</div>
<ul class="nav-left">
<li class="search-box">
<a class="search-toggle" href="#">
<i class="search-icon fa fa-search"></i>
<i class="search-icon-close fa fa-close"></i>
</a>
</li>
<li class="search-input"><input id="search-tests" class="form-control" type="text" placeholder="Search..."></li>
</ul>
<ul class="nav-right">
<li class="m-r-10">
<a href="#"><span class="badge badge-primary">D:\Selenium Live Projects\TeamResolutionCheckWeekly\reports\ExtentReport.html</span></a>
</li>
<li class="m-r-10">
<a href="#"><span class="badge badge-primary">May 20, 2022 04:02:09 PM</span></a>
</li>
</ul>
</div>
</div><div class="side-nav">
<div class="side-nav-inner">
<ul class="side-nav-menu">
<li class="nav-item dropdown" onclick="toggleView('test-view')">
<a id="nav-test" class="dropdown-toggle" href="#">
<span class="ico"><i class="fa fa-list"></i></span>
</a>
</li>
<li class="nav-item dropdown" onclick="toggleView('dashboard-view')">
<a id="nav-dashboard" class="dropdown-toggle" href="#">
<span class="ico"><i class="fa fa-bar-chart"></i></span>
</a>
</li>
</ul>
</div>
</div>      <div class="vcontainer">
        <div class="main-content">
<div class="test-wrapper row view test-view">
  <div class="test-list">
    <div class="test-list-tools">
<ul class="tools pull-left">
<li><a href="#"><span class="font-size-14">Tests</span></a></li>
</ul>
<ul class="tools text-right">
<li class="dropdown">
<a href="#" class="dropdown-toggle" data-toggle="dropdown"><i class="fa fa-exclamation-circle"></i></a>
<ul id="status-toggle" class="dropdown-menu dropdown-md p-v-0">
<a class="dropdown-item" status="pass" href="#"><span>Pass</span><span class="status success"></span></a>
<a class="dropdown-item" status="fail" href="#"><span>Fail</span><span class="status danger"></span></a>
<div class="dropdown-divider"></div>
<a status="clear" class="dropdown-item" href="#"><span>Clear</span><span class="pull-right"><i class="fa fa-close"></i></span></a>
</ul>
</li>
</ul>
</div>    <div class="test-list-wrapper scrollable">
      <ul class="test-list-item">
        <li class="test-item"  status="fail" test-id="1"
          author=""
          tag=""
          device="">
          <div class="test-detail">
            <p class="name">testCases.A4Pages     @TestCase : checkResolutionForA4Pages</p>
            <p class="text-sm">
              <span>4:02:09 PM</span> / <span>00:00:45:831</span>
              <span class="badge fail-bg log float-right">Fail</span>
            </p>
          </div>
          <div class="test-contents d-none">
<div class="detail-head">
<div class="p-v-10">
<div class="info">
<h5 class="test-status text-fail">testCases.A4Pages @TestCase : checkResolutionForA4Pages</h5>
<span class='badge badge-success'>05.20.2022 4:02:09 PM</span>
<span class='badge badge-danger'>05.20.2022 4:02:55 PM</span>
<span class='badge badge-default'>00:00:45:831</span>
&middot; <span class='uri-anchor badge badge-default'>#test-id=1</span>
<span class='badge badge-default pointer float-right ml-1 et'><i class="fa fa-chevron-down"></i></span>
<span class='badge badge-default pointer float-right ct'><i class="fa fa-chevron-up"></i></span>
</div>
</div>
</div><div class="detail-body mt-4">
<table class="table table-sm">
  <thead><tr><th class="status-col">Status</th><th class="timestamp-col">Timestamp</th><th class="details-col">Details</th></tr></thead>
  <tbody>
      <tr class="event-row">
        <td><span class="badge log fail-bg">Fail</span></td>
        <td>4:02:55 PM</td>
        <td>
          <details><summary><b><font color=red>Exception Occured:Click to see</font></b ></summary>[org.openqa.selenium.support.ui.WebDriverWait.timeoutException(WebDriverWait.java:95)<br> org.openqa.selenium.support.ui.FluentWait.until(FluentWait.java:272)<br> testCases.A4Pages.checkResolutionForA4Pages(A4Pages.java:33)<br> java.base/jdk.internal.reflect.NativeMethodAccessorImpl.invoke0(Native Method)<br> java.base/jdk.internal.reflect.NativeMethodAccessorImpl.invoke(NativeMethodAccessorImpl.java:77)<br> java.base/jdk.internal.reflect.DelegatingMethodAccessorImpl.invoke(DelegatingMethodAccessorImpl.java:43)<br> java.base/java.lang.reflect.Method.invoke(Method.java:568)<br> org.testng.internal.invokers.MethodInvocationHelper.invokeMethod(MethodInvocationHelper.java:135)<br> org.testng.internal.invokers.TestInvoker.invokeMethod(TestInvoker.java:673)<br> org.testng.internal.invokers.TestInvoker.invokeTestMethod(TestInvoker.java:220)<br> org.testng.internal.invokers.MethodRunner.runInSequence(MethodRunner.java:50)<br> org.testng.internal.invokers.TestInvoker$MethodInvocationAgent.invoke(TestInvoker.java:945)<br> org.testng.internal.invokers.TestInvoker.invokeTestMethods(TestInvoker.java:193)<br> org.testng.internal.invokers.TestMethodWorker.invokeTestMethods(TestMethodWorker.java:146)<br> org.testng.internal.invokers.TestMethodWorker.run(TestMethodWorker.java:128)<br> java.base/java.util.ArrayList.forEach(ArrayList.java:1511)<br> org.testng.TestRunner.privateRun(TestRunner.java:808)<br> org.testng.TestRunner.run(TestRunner.java:603)<br> org.testng.SuiteRunner.runTest(SuiteRunner.java:429)<br> org.testng.SuiteRunner.runSequentially(SuiteRunner.java:423)<br> org.testng.SuiteRunner.privateRun(SuiteRunner.java:383)<br> org.testng.SuiteRunner.run(SuiteRunner.java:326)<br> org.testng.SuiteRunnerWorker.runSuite(SuiteRunnerWorker.java:52)<br> org.testng.SuiteRunnerWorker.run(SuiteRunnerWorker.java:95)<br> org.testng.TestNG.runSuitesSequentially(TestNG.java:1249)<br> org.testng.TestNG.runSuitesLocally(TestNG.java:1169)<br> org.testng.TestNG.runSuites(TestNG.java:1092)<br> org.testng.TestNG.run(TestNG.java:1060)<br> org.apache.maven.surefire.testng.TestNGExecutor.run(TestNGExecutor.java:295)<br> org.apache.maven.surefire.testng.TestNGXmlTestSuite.execute(TestNGXmlTestSuite.java:84)<br> org.apache.maven.surefire.testng.TestNGProvider.invoke(TestNGProvider.java:90)<br> org.apache.maven.surefire.booter.ForkedBooter.invokeProviderInSameClassLoader(ForkedBooter.java:203)<br> org.apache.maven.surefire.booter.ForkedBooter.runSuitesInProcess(ForkedBooter.java:155)<br> org.apache.maven.surefire.booter.ForkedBooter.main(ForkedBooter.java:103)]</details> 

        </td>
      </tr>
      <tr class="event-row">
        <td><span class="badge log fail-bg">Fail</span></td>
        <td>4:02:55 PM</td>
        <td>
          <b><font color=red>Screenshot of failure</font></b>
    <div class="row mb-3"><div class="col-md-3">
<img data-featherlight='FailedScreenShot.png' src="FailedScreenShot.png">
    
    </div></div>
        </td>
      </tr>
      <tr class="event-row">
        <td><span class="badge log fail-bg">Fail</span></td>
        <td>4:02:55 PM</td>
        <td>
          <span class='badge white-text red'>TEST CASE FAILED</span>
        </td>
      </tr>
  </tbody>
</table>
</div>
          </div>
        </li>
        <li class="test-item"  status="fail" test-id="2"
          author=""
          tag=""
          device="">
          <div class="test-detail">
            <p class="name">testCases.A4Pages     @TestCase : checkResolutionForA4Pages</p>
            <p class="text-sm">
              <span>4:02:55 PM</span> / <span>00:00:37:361</span>
              <span class="badge fail-bg log float-right">Fail</span>
            </p>
          </div>
          <div class="test-contents d-none">
<div class="detail-head">
<div class="p-v-10">
<div class="info">
<h5 class="test-status text-fail">testCases.A4Pages @TestCase : checkResolutionForA4Pages</h5>
<span class='badge badge-success'>05.20.2022 4:02:55 PM</span>
<span class='badge badge-danger'>05.20.2022 4:03:32 PM</span>
<span class='badge badge-default'>00:00:37:361</span>
&middot; <span class='uri-anchor badge badge-default'>#test-id=2</span>
<span class='badge badge-default pointer float-right ml-1 et'><i class="fa fa-chevron-down"></i></span>
<span class='badge badge-default pointer float-right ct'><i class="fa fa-chevron-up"></i></span>
</div>
</div>
</div><div class="detail-body mt-4">
<table class="table table-sm">
  <thead><tr><th class="status-col">Status</th><th class="timestamp-col">Timestamp</th><th class="details-col">Details</th></tr></thead>
  <tbody>
      <tr class="event-row">
        <td><span class="badge log fail-bg">Fail</span></td>
        <td>4:03:32 PM</td>
        <td>
          <details><summary><b><font color=red>Exception Occured:Click to see</font></b ></summary>[org.openqa.selenium.support.ui.WebDriverWait.timeoutException(WebDriverWait.java:95)<br> org.openqa.selenium.support.ui.FluentWait.until(FluentWait.java:272)<br> testCases.A4Pages.checkResolutionForA4Pages(A4Pages.java:33)<br> java.base/jdk.internal.reflect.NativeMethodAccessorImpl.invoke0(Native Method)<br> java.base/jdk.internal.reflect.NativeMethodAccessorImpl.invoke(NativeMethodAccessorImpl.java:77)<br> java.base/jdk.internal.reflect.DelegatingMethodAccessorImpl.invoke(DelegatingMethodAccessorImpl.java:43)<br> java.base/java.lang.reflect.Method.invoke(Method.java:568)<br> org.testng.internal.invokers.MethodInvocationHelper.invokeMethod(MethodInvocationHelper.java:135)<br> org.testng.internal.invokers.TestInvoker.invokeMethod(TestInvoker.java:673)<br> org.testng.internal.invokers.TestInvoker.invokeTestMethod(TestInvoker.java:220)<br> org.testng.internal.invokers.MethodRunner.runInSequence(MethodRunner.java:50)<br> org.testng.internal.invokers.TestInvoker$MethodInvocationAgent.invoke(TestInvoker.java:945)<br> org.testng.internal.invokers.TestInvoker.invokeTestMethods(TestInvoker.java:193)<br> org.testng.internal.invokers.TestMethodWorker.invokeTestMethods(TestMethodWorker.java:146)<br> org.testng.internal.invokers.TestMethodWorker.run(TestMethodWorker.java:128)<br> java.base/java.util.ArrayList.forEach(ArrayList.java:1511)<br> org.testng.TestRunner.privateRun(TestRunner.java:808)<br> org.testng.TestRunner.run(TestRunner.java:603)<br> org.testng.SuiteRunner.runTest(SuiteRunner.java:429)<br> org.testng.SuiteRunner.runSequentially(SuiteRunner.java:423)<br> org.testng.SuiteRunner.privateRun(SuiteRunner.java:383)<br> org.testng.SuiteRunner.run(SuiteRunner.java:326)<br> org.testng.SuiteRunnerWorker.runSuite(SuiteRunnerWorker.java:52)<br> org.testng.SuiteRunnerWorker.run(SuiteRunnerWorker.java:95)<br> org.testng.TestNG.runSuitesSequentially(TestNG.java:1249)<br> org.testng.TestNG.runSuitesLocally(TestNG.java:1169)<br> org.testng.TestNG.runSuites(TestNG.java:1092)<br> org.testng.TestNG.run(TestNG.java:1060)<br> org.apache.maven.surefire.testng.TestNGExecutor.run(TestNGExecutor.java:295)<br> org.apache.maven.surefire.testng.TestNGXmlTestSuite.execute(TestNGXmlTestSuite.java:84)<br> org.apache.maven.surefire.testng.TestNGProvider.invoke(TestNGProvider.java:90)<br> org.apache.maven.surefire.booter.ForkedBooter.invokeProviderInSameClassLoader(ForkedBooter.java:203)<br> org.apache.maven.surefire.booter.ForkedBooter.runSuitesInProcess(ForkedBooter.java:155)<br> org.apache.maven.surefire.booter.ForkedBooter.main(ForkedBooter.java:103)]</details> 

        </td>
      </tr>
      <tr class="event-row">
        <td><span class="badge log fail-bg">Fail</span></td>
        <td>4:03:32 PM</td>
        <td>
          <b><font color=red>Screenshot of failure</font></b>
    <div class="row mb-3"><div class="col-md-3">
<img data-featherlight='FailedScreenShot.png' src="FailedScreenShot.png">
    
    </div></div>
        </td>
      </tr>
      <tr class="event-row">
        <td><span class="badge log fail-bg">Fail</span></td>
        <td>4:03:32 PM</td>
        <td>
          <span class='badge white-text red'>TEST CASE FAILED</span>
        </td>
      </tr>
  </tbody>
</table>
</div>
          </div>
        </li>
        <li class="test-item"  status="fail" test-id="3"
          author=""
          tag=""
          device="">
          <div class="test-detail">
            <p class="name">testCases.A4Pages     @TestCase : checkResolutionForA4Pages</p>
            <p class="text-sm">
              <span>4:03:37 PM</span> / <span>00:00:35:573</span>
              <span class="badge fail-bg log float-right">Fail</span>
            </p>
          </div>
          <div class="test-contents d-none">
<div class="detail-head">
<div class="p-v-10">
<div class="info">
<h5 class="test-status text-fail">testCases.A4Pages @TestCase : checkResolutionForA4Pages</h5>
<span class='badge badge-success'>05.20.2022 4:03:37 PM</span>
<span class='badge badge-danger'>05.20.2022 4:04:12 PM</span>
<span class='badge badge-default'>00:00:35:573</span>
&middot; <span class='uri-anchor badge badge-default'>#test-id=3</span>
<span class='badge badge-default pointer float-right ml-1 et'><i class="fa fa-chevron-down"></i></span>
<span class='badge badge-default pointer float-right ct'><i class="fa fa-chevron-up"></i></span>
</div>
</div>
</div><div class="detail-body mt-4">
<table class="table table-sm">
  <thead><tr><th class="status-col">Status</th><th class="timestamp-col">Timestamp</th><th class="details-col">Details</th></tr></thead>
  <tbody>
      <tr class="event-row">
        <td><span class="badge log fail-bg">Fail</span></td>
        <td>4:04:12 PM</td>
        <td>
          <details><summary><b><font color=red>Exception Occured:Click to see</font></b ></summary>[org.openqa.selenium.support.ui.WebDriverWait.timeoutException(WebDriverWait.java:95)<br> org.openqa.selenium.support.ui.FluentWait.until(FluentWait.java:272)<br> testCases.A4Pages.checkResolutionForA4Pages(A4Pages.java:33)<br> java.base/jdk.internal.reflect.NativeMethodAccessorImpl.invoke0(Native Method)<br> java.base/jdk.internal.reflect.NativeMethodAccessorImpl.invoke(NativeMethodAccessorImpl.java:77)<br> java.base/jdk.internal.reflect.DelegatingMethodAccessorImpl.invoke(DelegatingMethodAccessorImpl.java:43)<br> java.base/java.lang.reflect.Method.invoke(Method.java:568)<br> org.testng.internal.invokers.MethodInvocationHelper.invokeMethod(MethodInvocationHelper.java:135)<br> org.testng.internal.invokers.TestInvoker.invokeMethod(TestInvoker.java:673)<br> org.testng.internal.invokers.TestInvoker.invokeTestMethod(TestInvoker.java:220)<br> org.testng.internal.invokers.MethodRunner.runInSequence(MethodRunner.java:50)<br> org.testng.internal.invokers.TestInvoker$MethodInvocationAgent.invoke(TestInvoker.java:945)<br> org.testng.internal.invokers.TestInvoker.invokeTestMethods(TestInvoker.java:193)<br> org.testng.internal.invokers.TestMethodWorker.invokeTestMethods(TestMethodWorker.java:146)<br> org.testng.internal.invokers.TestMethodWorker.run(TestMethodWorker.java:128)<br> java.base/java.util.ArrayList.forEach(ArrayList.java:1511)<br> org.testng.TestRunner.privateRun(TestRunner.java:808)<br> org.testng.TestRunner.run(TestRunner.java:603)<br> org.testng.SuiteRunner.runTest(SuiteRunner.java:429)<br> org.testng.SuiteRunner.runSequentially(SuiteRunner.java:423)<br> org.testng.SuiteRunner.privateRun(SuiteRunner.java:383)<br> org.testng.SuiteRunner.run(SuiteRunner.java:326)<br> org.testng.SuiteRunnerWorker.runSuite(SuiteRunnerWorker.java:52)<br> org.testng.SuiteRunnerWorker.run(SuiteRunnerWorker.java:95)<br> org.testng.TestNG.runSuitesSequentially(TestNG.java:1249)<br> org.testng.TestNG.runSuitesLocally(TestNG.java:1169)<br> org.testng.TestNG.runSuites(TestNG.java:1092)<br> org.testng.TestNG.run(TestNG.java:1060)<br> org.apache.maven.surefire.testng.TestNGExecutor.run(TestNGExecutor.java:295)<br> org.apache.maven.surefire.testng.TestNGXmlTestSuite.execute(TestNGXmlTestSuite.java:84)<br> org.apache.maven.surefire.testng.TestNGProvider.invoke(TestNGProvider.java:90)<br> org.apache.maven.surefire.booter.ForkedBooter.invokeProviderInSameClassLoader(ForkedBooter.java:203)<br> org.apache.maven.surefire.booter.ForkedBooter.runSuitesInProcess(ForkedBooter.java:155)<br> org.apache.maven.surefire.booter.ForkedBooter.main(ForkedBooter.java:103)]</details> 

        </td>
      </tr>
      <tr class="event-row">
        <td><span class="badge log fail-bg">Fail</span></td>
        <td>4:04:12 PM</td>
        <td>
          <b><font color=red>Screenshot of failure</font></b>
    <div class="row mb-3"><div class="col-md-3">
<img data-featherlight='FailedScreenShot.png' src="FailedScreenShot.png">
    
    </div></div>
        </td>
      </tr>
      <tr class="event-row">
        <td><span class="badge log fail-bg">Fail</span></td>
        <td>4:04:12 PM</td>
        <td>
          <span class='badge white-text red'>TEST CASE FAILED</span>
        </td>
      </tr>
  </tbody>
</table>
</div>
          </div>
        </li>
        <li class="test-item"  status="fail" test-id="4"
          author=""
          tag=""
          device="">
          <div class="test-detail">
            <p class="name">testCases.A4Pages     @TestCase : checkResolutionForA4Pages</p>
            <p class="text-sm">
              <span>4:04:16 PM</span> / <span>00:00:32:520</span>
              <span class="badge fail-bg log float-right">Fail</span>
            </p>
          </div>
          <div class="test-contents d-none">
<div class="detail-head">
<div class="p-v-10">
<div class="info">
<h5 class="test-status text-fail">testCases.A4Pages @TestCase : checkResolutionForA4Pages</h5>
<span class='badge badge-success'>05.20.2022 4:04:16 PM</span>
<span class='badge badge-danger'>05.20.2022 4:04:49 PM</span>
<span class='badge badge-default'>00:00:32:520</span>
&middot; <span class='uri-anchor badge badge-default'>#test-id=4</span>
<span class='badge badge-default pointer float-right ml-1 et'><i class="fa fa-chevron-down"></i></span>
<span class='badge badge-default pointer float-right ct'><i class="fa fa-chevron-up"></i></span>
</div>
</div>
</div><div class="detail-body mt-4">
<table class="table table-sm">
  <thead><tr><th class="status-col">Status</th><th class="timestamp-col">Timestamp</th><th class="details-col">Details</th></tr></thead>
  <tbody>
      <tr class="event-row">
        <td><span class="badge log fail-bg">Fail</span></td>
        <td>4:04:49 PM</td>
        <td>
          <details><summary><b><font color=red>Exception Occured:Click to see</font></b ></summary>[org.openqa.selenium.support.ui.WebDriverWait.timeoutException(WebDriverWait.java:95)<br> org.openqa.selenium.support.ui.FluentWait.until(FluentWait.java:272)<br> testCases.A4Pages.checkResolutionForA4Pages(A4Pages.java:33)<br> java.base/jdk.internal.reflect.NativeMethodAccessorImpl.invoke0(Native Method)<br> java.base/jdk.internal.reflect.NativeMethodAccessorImpl.invoke(NativeMethodAccessorImpl.java:77)<br> java.base/jdk.internal.reflect.DelegatingMethodAccessorImpl.invoke(DelegatingMethodAccessorImpl.java:43)<br> java.base/java.lang.reflect.Method.invoke(Method.java:568)<br> org.testng.internal.invokers.MethodInvocationHelper.invokeMethod(MethodInvocationHelper.java:135)<br> org.testng.internal.invokers.TestInvoker.invokeMethod(TestInvoker.java:673)<br> org.testng.internal.invokers.TestInvoker.invokeTestMethod(TestInvoker.java:220)<br> org.testng.internal.invokers.MethodRunner.runInSequence(MethodRunner.java:50)<br> org.testng.internal.invokers.TestInvoker$MethodInvocationAgent.invoke(TestInvoker.java:945)<br> org.testng.internal.invokers.TestInvoker.invokeTestMethods(TestInvoker.java:193)<br> org.testng.internal.invokers.TestMethodWorker.invokeTestMethods(TestMethodWorker.java:146)<br> org.testng.internal.invokers.TestMethodWorker.run(TestMethodWorker.java:128)<br> java.base/java.util.ArrayList.forEach(ArrayList.java:1511)<br> org.testng.TestRunner.privateRun(TestRunner.java:808)<br> org.testng.TestRunner.run(TestRunner.java:603)<br> org.testng.SuiteRunner.runTest(SuiteRunner.java:429)<br> org.testng.SuiteRunner.runSequentially(SuiteRunner.java:423)<br> org.testng.SuiteRunner.privateRun(SuiteRunner.java:383)<br> org.testng.SuiteRunner.run(SuiteRunner.java:326)<br> org.testng.SuiteRunnerWorker.runSuite(SuiteRunnerWorker.java:52)<br> org.testng.SuiteRunnerWorker.run(SuiteRunnerWorker.java:95)<br> org.testng.TestNG.runSuitesSequentially(TestNG.java:1249)<br> org.testng.TestNG.runSuitesLocally(TestNG.java:1169)<br> org.testng.TestNG.runSuites(TestNG.java:1092)<br> org.testng.TestNG.run(TestNG.java:1060)<br> org.apache.maven.surefire.testng.TestNGExecutor.run(TestNGExecutor.java:295)<br> org.apache.maven.surefire.testng.TestNGXmlTestSuite.execute(TestNGXmlTestSuite.java:84)<br> org.apache.maven.surefire.testng.TestNGProvider.invoke(TestNGProvider.java:90)<br> org.apache.maven.surefire.booter.ForkedBooter.invokeProviderInSameClassLoader(ForkedBooter.java:203)<br> org.apache.maven.surefire.booter.ForkedBooter.runSuitesInProcess(ForkedBooter.java:155)<br> org.apache.maven.surefire.booter.ForkedBooter.main(ForkedBooter.java:103)]</details> 

        </td>
      </tr>
      <tr class="event-row">
        <td><span class="badge log fail-bg">Fail</span></td>
        <td>4:04:49 PM</td>
        <td>
          <b><font color=red>Screenshot of failure</font></b>
    <div class="row mb-3"><div class="col-md-3">
<img data-featherlight='FailedScreenShot.png' src="FailedScreenShot.png">
    
    </div></div>
        </td>
      </tr>
      <tr class="event-row">
        <td><span class="badge log fail-bg">Fail</span></td>
        <td>4:04:49 PM</td>
        <td>
          <span class='badge white-text red'>TEST CASE FAILED</span>
        </td>
      </tr>
  </tbody>
</table>
</div>
          </div>
        </li>
        <li class="test-item"  status="fail" test-id="5"
          author=""
          tag=""
          device="">
          <div class="test-detail">
            <p class="name">testCases.A4Pages     @TestCase : checkResolutionForA4Pages</p>
            <p class="text-sm">
              <span>4:04:53 PM</span> / <span>00:00:32:245</span>
              <span class="badge fail-bg log float-right">Fail</span>
            </p>
          </div>
          <div class="test-contents d-none">
<div class="detail-head">
<div class="p-v-10">
<div class="info">
<h5 class="test-status text-fail">testCases.A4Pages @TestCase : checkResolutionForA4Pages</h5>
<span class='badge badge-success'>05.20.2022 4:04:53 PM</span>
<span class='badge badge-danger'>05.20.2022 4:05:25 PM</span>
<span class='badge badge-default'>00:00:32:245</span>
&middot; <span class='uri-anchor badge badge-default'>#test-id=5</span>
<span class='badge badge-default pointer float-right ml-1 et'><i class="fa fa-chevron-down"></i></span>
<span class='badge badge-default pointer float-right ct'><i class="fa fa-chevron-up"></i></span>
</div>
</div>
</div><div class="detail-body mt-4">
<table class="table table-sm">
  <thead><tr><th class="status-col">Status</th><th class="timestamp-col">Timestamp</th><th class="details-col">Details</th></tr></thead>
  <tbody>
      <tr class="event-row">
        <td><span class="badge log fail-bg">Fail</span></td>
        <td>4:05:25 PM</td>
        <td>
          <details><summary><b><font color=red>Exception Occured:Click to see</font></b ></summary>[org.openqa.selenium.support.ui.WebDriverWait.timeoutException(WebDriverWait.java:95)<br> org.openqa.selenium.support.ui.FluentWait.until(FluentWait.java:272)<br> testCases.A4Pages.checkResolutionForA4Pages(A4Pages.java:33)<br> java.base/jdk.internal.reflect.NativeMethodAccessorImpl.invoke0(Native Method)<br> java.base/jdk.internal.reflect.NativeMethodAccessorImpl.invoke(NativeMethodAccessorImpl.java:77)<br> java.base/jdk.internal.reflect.DelegatingMethodAccessorImpl.invoke(DelegatingMethodAccessorImpl.java:43)<br> java.base/java.lang.reflect.Method.invoke(Method.java:568)<br> org.testng.internal.invokers.MethodInvocationHelper.invokeMethod(MethodInvocationHelper.java:135)<br> org.testng.internal.invokers.TestInvoker.invokeMethod(TestInvoker.java:673)<br> org.testng.internal.invokers.TestInvoker.invokeTestMethod(TestInvoker.java:220)<br> org.testng.internal.invokers.MethodRunner.runInSequence(MethodRunner.java:50)<br> org.testng.internal.invokers.TestInvoker$MethodInvocationAgent.invoke(TestInvoker.java:945)<br> org.testng.internal.invokers.TestInvoker.invokeTestMethods(TestInvoker.java:193)<br> org.testng.internal.invokers.TestMethodWorker.invokeTestMethods(TestMethodWorker.java:146)<br> org.testng.internal.invokers.TestMethodWorker.run(TestMethodWorker.java:128)<br> java.base/java.util.ArrayList.forEach(ArrayList.java:1511)<br> org.testng.TestRunner.privateRun(TestRunner.java:808)<br> org.testng.TestRunner.run(TestRunner.java:603)<br> org.testng.SuiteRunner.runTest(SuiteRunner.java:429)<br> org.testng.SuiteRunner.runSequentially(SuiteRunner.java:423)<br> org.testng.SuiteRunner.privateRun(SuiteRunner.java:383)<br> org.testng.SuiteRunner.run(SuiteRunner.java:326)<br> org.testng.SuiteRunnerWorker.runSuite(SuiteRunnerWorker.java:52)<br> org.testng.SuiteRunnerWorker.run(SuiteRunnerWorker.java:95)<br> org.testng.TestNG.runSuitesSequentially(TestNG.java:1249)<br> org.testng.TestNG.runSuitesLocally(TestNG.java:1169)<br> org.testng.TestNG.runSuites(TestNG.java:1092)<br> org.testng.TestNG.run(TestNG.java:1060)<br> org.apache.maven.surefire.testng.TestNGExecutor.run(TestNGExecutor.java:295)<br> org.apache.maven.surefire.testng.TestNGXmlTestSuite.execute(TestNGXmlTestSuite.java:84)<br> org.apache.maven.surefire.testng.TestNGProvider.invoke(TestNGProvider.java:90)<br> org.apache.maven.surefire.booter.ForkedBooter.invokeProviderInSameClassLoader(ForkedBooter.java:203)<br> org.apache.maven.surefire.booter.ForkedBooter.runSuitesInProcess(ForkedBooter.java:155)<br> org.apache.maven.surefire.booter.ForkedBooter.main(ForkedBooter.java:103)]</details> 

        </td>
      </tr>
      <tr class="event-row">
        <td><span class="badge log fail-bg">Fail</span></td>
        <td>4:05:25 PM</td>
        <td>
          <b><font color=red>Screenshot of failure</font></b>
    <div class="row mb-3"><div class="col-md-3">
<img data-featherlight='FailedScreenShot.png' src="FailedScreenShot.png">
    
    </div></div>
        </td>
      </tr>
      <tr class="event-row">
        <td><span class="badge log fail-bg">Fail</span></td>
        <td>4:05:25 PM</td>
        <td>
          <span class='badge white-text red'>TEST CASE FAILED</span>
        </td>
      </tr>
  </tbody>
</table>
</div>
          </div>
        </li>
        <li class="test-item"  status="fail" test-id="6"
          author=""
          tag=""
          device="">
          <div class="test-detail">
            <p class="name">testCases.A4Pages     @TestCase : checkResolutionForA4Pages</p>
            <p class="text-sm">
              <span>4:05:29 PM</span> / <span>00:00:32:359</span>
              <span class="badge fail-bg log float-right">Fail</span>
            </p>
          </div>
          <div class="test-contents d-none">
<div class="detail-head">
<div class="p-v-10">
<div class="info">
<h5 class="test-status text-fail">testCases.A4Pages @TestCase : checkResolutionForA4Pages</h5>
<span class='badge badge-success'>05.20.2022 4:05:29 PM</span>
<span class='badge badge-danger'>05.20.2022 4:06:02 PM</span>
<span class='badge badge-default'>00:00:32:359</span>
&middot; <span class='uri-anchor badge badge-default'>#test-id=6</span>
<span class='badge badge-default pointer float-right ml-1 et'><i class="fa fa-chevron-down"></i></span>
<span class='badge badge-default pointer float-right ct'><i class="fa fa-chevron-up"></i></span>
</div>
</div>
</div><div class="detail-body mt-4">
<table class="table table-sm">
  <thead><tr><th class="status-col">Status</th><th class="timestamp-col">Timestamp</th><th class="details-col">Details</th></tr></thead>
  <tbody>
      <tr class="event-row">
        <td><span class="badge log fail-bg">Fail</span></td>
        <td>4:06:01 PM</td>
        <td>
          <details><summary><b><font color=red>Exception Occured:Click to see</font></b ></summary>[org.openqa.selenium.support.ui.WebDriverWait.timeoutException(WebDriverWait.java:95)<br> org.openqa.selenium.support.ui.FluentWait.until(FluentWait.java:272)<br> testCases.A4Pages.checkResolutionForA4Pages(A4Pages.java:33)<br> java.base/jdk.internal.reflect.NativeMethodAccessorImpl.invoke0(Native Method)<br> java.base/jdk.internal.reflect.NativeMethodAccessorImpl.invoke(NativeMethodAccessorImpl.java:77)<br> java.base/jdk.internal.reflect.DelegatingMethodAccessorImpl.invoke(DelegatingMethodAccessorImpl.java:43)<br> java.base/java.lang.reflect.Method.invoke(Method.java:568)<br> org.testng.internal.invokers.MethodInvocationHelper.invokeMethod(MethodInvocationHelper.java:135)<br> org.testng.internal.invokers.TestInvoker.invokeMethod(TestInvoker.java:673)<br> org.testng.internal.invokers.TestInvoker.invokeTestMethod(TestInvoker.java:220)<br> org.testng.internal.invokers.MethodRunner.runInSequence(MethodRunner.java:50)<br> org.testng.internal.invokers.TestInvoker$MethodInvocationAgent.invoke(TestInvoker.java:945)<br> org.testng.internal.invokers.TestInvoker.invokeTestMethods(TestInvoker.java:193)<br> org.testng.internal.invokers.TestMethodWorker.invokeTestMethods(TestMethodWorker.java:146)<br> org.testng.internal.invokers.TestMethodWorker.run(TestMethodWorker.java:128)<br> java.base/java.util.ArrayList.forEach(ArrayList.java:1511)<br> org.testng.TestRunner.privateRun(TestRunner.java:808)<br> org.testng.TestRunner.run(TestRunner.java:603)<br> org.testng.SuiteRunner.runTest(SuiteRunner.java:429)<br> org.testng.SuiteRunner.runSequentially(SuiteRunner.java:423)<br> org.testng.SuiteRunner.privateRun(SuiteRunner.java:383)<br> org.testng.SuiteRunner.run(SuiteRunner.java:326)<br> org.testng.SuiteRunnerWorker.runSuite(SuiteRunnerWorker.java:52)<br> org.testng.SuiteRunnerWorker.run(SuiteRunnerWorker.java:95)<br> org.testng.TestNG.runSuitesSequentially(TestNG.java:1249)<br> org.testng.TestNG.runSuitesLocally(TestNG.java:1169)<br> org.testng.TestNG.runSuites(TestNG.java:1092)<br> org.testng.TestNG.run(TestNG.java:1060)<br> org.apache.maven.surefire.testng.TestNGExecutor.run(TestNGExecutor.java:295)<br> org.apache.maven.surefire.testng.TestNGXmlTestSuite.execute(TestNGXmlTestSuite.java:84)<br> org.apache.maven.surefire.testng.TestNGProvider.invoke(TestNGProvider.java:90)<br> org.apache.maven.surefire.booter.ForkedBooter.invokeProviderInSameClassLoader(ForkedBooter.java:203)<br> org.apache.maven.surefire.booter.ForkedBooter.runSuitesInProcess(ForkedBooter.java:155)<br> org.apache.maven.surefire.booter.ForkedBooter.main(ForkedBooter.java:103)]</details> 

        </td>
      </tr>
      <tr class="event-row">
        <td><span class="badge log fail-bg">Fail</span></td>
        <td>4:06:02 PM</td>
        <td>
          <b><font color=red>Screenshot of failure</font></b>
    <div class="row mb-3"><div class="col-md-3">
<img data-featherlight='FailedScreenShot.png' src="FailedScreenShot.png">
    
    </div></div>
        </td>
      </tr>
      <tr class="event-row">
        <td><span class="badge log fail-bg">Fail</span></td>
        <td>4:06:02 PM</td>
        <td>
          <span class='badge white-text red'>TEST CASE FAILED</span>
        </td>
      </tr>
  </tbody>
</table>
</div>
          </div>
        </li>
        <li class="test-item"  status="fail" test-id="7"
          author=""
          tag=""
          device="">
          <div class="test-detail">
            <p class="name">testCases.A4Pages     @TestCase : checkResolutionForA4Pages</p>
            <p class="text-sm">
              <span>4:06:06 PM</span> / <span>00:00:33:282</span>
              <span class="badge fail-bg log float-right">Fail</span>
            </p>
          </div>
          <div class="test-contents d-none">
<div class="detail-head">
<div class="p-v-10">
<div class="info">
<h5 class="test-status text-fail">testCases.A4Pages @TestCase : checkResolutionForA4Pages</h5>
<span class='badge badge-success'>05.20.2022 4:06:06 PM</span>
<span class='badge badge-danger'>05.20.2022 4:06:39 PM</span>
<span class='badge badge-default'>00:00:33:282</span>
&middot; <span class='uri-anchor badge badge-default'>#test-id=7</span>
<span class='badge badge-default pointer float-right ml-1 et'><i class="fa fa-chevron-down"></i></span>
<span class='badge badge-default pointer float-right ct'><i class="fa fa-chevron-up"></i></span>
</div>
</div>
</div><div class="detail-body mt-4">
<table class="table table-sm">
  <thead><tr><th class="status-col">Status</th><th class="timestamp-col">Timestamp</th><th class="details-col">Details</th></tr></thead>
  <tbody>
      <tr class="event-row">
        <td><span class="badge log fail-bg">Fail</span></td>
        <td>4:06:39 PM</td>
        <td>
          <details><summary><b><font color=red>Exception Occured:Click to see</font></b ></summary>[org.openqa.selenium.support.ui.WebDriverWait.timeoutException(WebDriverWait.java:95)<br> org.openqa.selenium.support.ui.FluentWait.until(FluentWait.java:272)<br> testCases.A4Pages.checkResolutionForA4Pages(A4Pages.java:33)<br> java.base/jdk.internal.reflect.NativeMethodAccessorImpl.invoke0(Native Method)<br> java.base/jdk.internal.reflect.NativeMethodAccessorImpl.invoke(NativeMethodAccessorImpl.java:77)<br> java.base/jdk.internal.reflect.DelegatingMethodAccessorImpl.invoke(DelegatingMethodAccessorImpl.java:43)<br> java.base/java.lang.reflect.Method.invoke(Method.java:568)<br> org.testng.internal.invokers.MethodInvocationHelper.invokeMethod(MethodInvocationHelper.java:135)<br> org.testng.internal.invokers.TestInvoker.invokeMethod(TestInvoker.java:673)<br> org.testng.internal.invokers.TestInvoker.invokeTestMethod(TestInvoker.java:220)<br> org.testng.internal.invokers.MethodRunner.runInSequence(MethodRunner.java:50)<br> org.testng.internal.invokers.TestInvoker$MethodInvocationAgent.invoke(TestInvoker.java:945)<br> org.testng.internal.invokers.TestInvoker.invokeTestMethods(TestInvoker.java:193)<br> org.testng.internal.invokers.TestMethodWorker.invokeTestMethods(TestMethodWorker.java:146)<br> org.testng.internal.invokers.TestMethodWorker.run(TestMethodWorker.java:128)<br> java.base/java.util.ArrayList.forEach(ArrayList.java:1511)<br> org.testng.TestRunner.privateRun(TestRunner.java:808)<br> org.testng.TestRunner.run(TestRunner.java:603)<br> org.testng.SuiteRunner.runTest(SuiteRunner.java:429)<br> org.testng.SuiteRunner.runSequentially(SuiteRunner.java:423)<br> org.testng.SuiteRunner.privateRun(SuiteRunner.java:383)<br> org.testng.SuiteRunner.run(SuiteRunner.java:326)<br> org.testng.SuiteRunnerWorker.runSuite(SuiteRunnerWorker.java:52)<br> org.testng.SuiteRunnerWorker.run(SuiteRunnerWorker.java:95)<br> org.testng.TestNG.runSuitesSequentially(TestNG.java:1249)<br> org.testng.TestNG.runSuitesLocally(TestNG.java:1169)<br> org.testng.TestNG.runSuites(TestNG.java:1092)<br> org.testng.TestNG.run(TestNG.java:1060)<br> org.apache.maven.surefire.testng.TestNGExecutor.run(TestNGExecutor.java:295)<br> org.apache.maven.surefire.testng.TestNGXmlTestSuite.execute(TestNGXmlTestSuite.java:84)<br> org.apache.maven.surefire.testng.TestNGProvider.invoke(TestNGProvider.java:90)<br> org.apache.maven.surefire.booter.ForkedBooter.invokeProviderInSameClassLoader(ForkedBooter.java:203)<br> org.apache.maven.surefire.booter.ForkedBooter.runSuitesInProcess(ForkedBooter.java:155)<br> org.apache.maven.surefire.booter.ForkedBooter.main(ForkedBooter.java:103)]</details> 

        </td>
      </tr>
      <tr class="event-row">
        <td><span class="badge log fail-bg">Fail</span></td>
        <td>4:06:39 PM</td>
        <td>
          <b><font color=red>Screenshot of failure</font></b>
    <div class="row mb-3"><div class="col-md-3">
<img data-featherlight='FailedScreenShot.png' src="FailedScreenShot.png">
    
    </div></div>
        </td>
      </tr>
      <tr class="event-row">
        <td><span class="badge log fail-bg">Fail</span></td>
        <td>4:06:39 PM</td>
        <td>
          <span class='badge white-text red'>TEST CASE FAILED</span>
        </td>
      </tr>
  </tbody>
</table>
</div>
          </div>
        </li>
        <li class="test-item"  status="fail" test-id="8"
          author=""
          tag=""
          device="">
          <div class="test-detail">
            <p class="name">testCases.A4Pages     @TestCase : checkResolutionForA4Pages</p>
            <p class="text-sm">
              <span>4:06:43 PM</span> / <span>00:00:32:407</span>
              <span class="badge fail-bg log float-right">Fail</span>
            </p>
          </div>
          <div class="test-contents d-none">
<div class="detail-head">
<div class="p-v-10">
<div class="info">
<h5 class="test-status text-fail">testCases.A4Pages @TestCase : checkResolutionForA4Pages</h5>
<span class='badge badge-success'>05.20.2022 4:06:43 PM</span>
<span class='badge badge-danger'>05.20.2022 4:07:16 PM</span>
<span class='badge badge-default'>00:00:32:407</span>
&middot; <span class='uri-anchor badge badge-default'>#test-id=8</span>
<span class='badge badge-default pointer float-right ml-1 et'><i class="fa fa-chevron-down"></i></span>
<span class='badge badge-default pointer float-right ct'><i class="fa fa-chevron-up"></i></span>
</div>
</div>
</div><div class="detail-body mt-4">
<table class="table table-sm">
  <thead><tr><th class="status-col">Status</th><th class="timestamp-col">Timestamp</th><th class="details-col">Details</th></tr></thead>
  <tbody>
      <tr class="event-row">
        <td><span class="badge log fail-bg">Fail</span></td>
        <td>4:07:15 PM</td>
        <td>
          <details><summary><b><font color=red>Exception Occured:Click to see</font></b ></summary>[org.openqa.selenium.support.ui.WebDriverWait.timeoutException(WebDriverWait.java:95)<br> org.openqa.selenium.support.ui.FluentWait.until(FluentWait.java:272)<br> testCases.A4Pages.checkResolutionForA4Pages(A4Pages.java:33)<br> java.base/jdk.internal.reflect.NativeMethodAccessorImpl.invoke0(Native Method)<br> java.base/jdk.internal.reflect.NativeMethodAccessorImpl.invoke(NativeMethodAccessorImpl.java:77)<br> java.base/jdk.internal.reflect.DelegatingMethodAccessorImpl.invoke(DelegatingMethodAccessorImpl.java:43)<br> java.base/java.lang.reflect.Method.invoke(Method.java:568)<br> org.testng.internal.invokers.MethodInvocationHelper.invokeMethod(MethodInvocationHelper.java:135)<br> org.testng.internal.invokers.TestInvoker.invokeMethod(TestInvoker.java:673)<br> org.testng.internal.invokers.TestInvoker.invokeTestMethod(TestInvoker.java:220)<br> org.testng.internal.invokers.MethodRunner.runInSequence(MethodRunner.java:50)<br> org.testng.internal.invokers.TestInvoker$MethodInvocationAgent.invoke(TestInvoker.java:945)<br> org.testng.internal.invokers.TestInvoker.invokeTestMethods(TestInvoker.java:193)<br> org.testng.internal.invokers.TestMethodWorker.invokeTestMethods(TestMethodWorker.java:146)<br> org.testng.internal.invokers.TestMethodWorker.run(TestMethodWorker.java:128)<br> java.base/java.util.ArrayList.forEach(ArrayList.java:1511)<br> org.testng.TestRunner.privateRun(TestRunner.java:808)<br> org.testng.TestRunner.run(TestRunner.java:603)<br> org.testng.SuiteRunner.runTest(SuiteRunner.java:429)<br> org.testng.SuiteRunner.runSequentially(SuiteRunner.java:423)<br> org.testng.SuiteRunner.privateRun(SuiteRunner.java:383)<br> org.testng.SuiteRunner.run(SuiteRunner.java:326)<br> org.testng.SuiteRunnerWorker.runSuite(SuiteRunnerWorker.java:52)<br> org.testng.SuiteRunnerWorker.run(SuiteRunnerWorker.java:95)<br> org.testng.TestNG.runSuitesSequentially(TestNG.java:1249)<br> org.testng.TestNG.runSuitesLocally(TestNG.java:1169)<br> org.testng.TestNG.runSuites(TestNG.java:1092)<br> org.testng.TestNG.run(TestNG.java:1060)<br> org.apache.maven.surefire.testng.TestNGExecutor.run(TestNGExecutor.java:295)<br> org.apache.maven.surefire.testng.TestNGXmlTestSuite.execute(TestNGXmlTestSuite.java:84)<br> org.apache.maven.surefire.testng.TestNGProvider.invoke(TestNGProvider.java:90)<br> org.apache.maven.surefire.booter.ForkedBooter.invokeProviderInSameClassLoader(ForkedBooter.java:203)<br> org.apache.maven.surefire.booter.ForkedBooter.runSuitesInProcess(ForkedBooter.java:155)<br> org.apache.maven.surefire.booter.ForkedBooter.main(ForkedBooter.java:103)]</details> 

        </td>
      </tr>
      <tr class="event-row">
        <td><span class="badge log fail-bg">Fail</span></td>
        <td>4:07:16 PM</td>
        <td>
          <b><font color=red>Screenshot of failure</font></b>
    <div class="row mb-3"><div class="col-md-3">
<img data-featherlight='FailedScreenShot.png' src="FailedScreenShot.png">
    
    </div></div>
        </td>
      </tr>
      <tr class="event-row">
        <td><span class="badge log fail-bg">Fail</span></td>
        <td>4:07:16 PM</td>
        <td>
          <span class='badge white-text red'>TEST CASE FAILED</span>
        </td>
      </tr>
  </tbody>
</table>
</div>
          </div>
        </li>
        <li class="test-item"  status="pass" test-id="9"
          author=""
          tag=""
          device="">
          <div class="test-detail">
            <p class="name">testCases.NewlyProducts     @TestCase : checkResolutionForNewlyProducts</p>
            <p class="text-sm">
              <span>4:07:20 PM</span> / <span>00:00:10:963</span>
              <span class="badge pass-bg log float-right">Pass</span>
            </p>
          </div>
          <div class="test-contents d-none">
<div class="detail-head">
<div class="p-v-10">
<div class="info">
<h5 class="test-status text-pass">testCases.NewlyProducts @TestCase : checkResolutionForNewlyProducts</h5>
<span class='badge badge-success'>05.20.2022 4:07:20 PM</span>
<span class='badge badge-danger'>05.20.2022 4:07:31 PM</span>
<span class='badge badge-default'>00:00:10:963</span>
&middot; <span class='uri-anchor badge badge-default'>#test-id=9</span>
<span class='badge badge-default pointer float-right ml-1 et'><i class="fa fa-chevron-down"></i></span>
<span class='badge badge-default pointer float-right ct'><i class="fa fa-chevron-up"></i></span>
</div>
</div>
</div><div class="detail-body mt-4">
<table class="table table-sm">
  <thead><tr><th class="status-col">Status</th><th class="timestamp-col">Timestamp</th><th class="details-col">Details</th></tr></thead>
  <tbody>
      <tr class="event-row">
        <td><span class="badge log pass-bg">Pass</span></td>
        <td>4:07:31 PM</td>
        <td>
          <span class='badge white-text green'><b>TEST CASE:- CHECKRESOLUTIONFORNEWLYPRODUCTS PASSED</b></span>
        </td>
      </tr>
  </tbody>
</table>
</div>
          </div>
        </li>
        <li class="test-item"  status="pass" test-id="10"
          author=""
          tag=""
          device="">
          <div class="test-detail">
            <p class="name">testCases.NewlyProducts     @TestCase : checkResolutionForNewlyProducts</p>
            <p class="text-sm">
              <span>4:07:31 PM</span> / <span>00:00:14:732</span>
              <span class="badge pass-bg log float-right">Pass</span>
            </p>
          </div>
          <div class="test-contents d-none">
<div class="detail-head">
<div class="p-v-10">
<div class="info">
<h5 class="test-status text-pass">testCases.NewlyProducts @TestCase : checkResolutionForNewlyProducts</h5>
<span class='badge badge-success'>05.20.2022 4:07:31 PM</span>
<span class='badge badge-danger'>05.20.2022 4:07:46 PM</span>
<span class='badge badge-default'>00:00:14:732</span>
&middot; <span class='uri-anchor badge badge-default'>#test-id=10</span>
<span class='badge badge-default pointer float-right ml-1 et'><i class="fa fa-chevron-down"></i></span>
<span class='badge badge-default pointer float-right ct'><i class="fa fa-chevron-up"></i></span>
</div>
</div>
</div><div class="detail-body mt-4">
<table class="table table-sm">
  <thead><tr><th class="status-col">Status</th><th class="timestamp-col">Timestamp</th><th class="details-col">Details</th></tr></thead>
  <tbody>
      <tr class="event-row">
        <td><span class="badge log pass-bg">Pass</span></td>
        <td>4:07:46 PM</td>
        <td>
          <span class='badge white-text green'><b>TEST CASE:- CHECKRESOLUTIONFORNEWLYPRODUCTS PASSED</b></span>
        </td>
      </tr>
  </tbody>
</table>
</div>
          </div>
        </li>
        <li class="test-item"  status="pass" test-id="11"
          author=""
          tag=""
          device="">
          <div class="test-detail">
            <p class="name">testCases.NewlyProducts     @TestCase : checkResolutionForNewlyProducts</p>
            <p class="text-sm">
              <span>4:07:46 PM</span> / <span>00:00:21:216</span>
              <span class="badge pass-bg log float-right">Pass</span>
            </p>
          </div>
          <div class="test-contents d-none">
<div class="detail-head">
<div class="p-v-10">
<div class="info">
<h5 class="test-status text-pass">testCases.NewlyProducts @TestCase : checkResolutionForNewlyProducts</h5>
<span class='badge badge-success'>05.20.2022 4:07:46 PM</span>
<span class='badge badge-danger'>05.20.2022 4:08:07 PM</span>
<span class='badge badge-default'>00:00:21:216</span>
&middot; <span class='uri-anchor badge badge-default'>#test-id=11</span>
<span class='badge badge-default pointer float-right ml-1 et'><i class="fa fa-chevron-down"></i></span>
<span class='badge badge-default pointer float-right ct'><i class="fa fa-chevron-up"></i></span>
</div>
</div>
</div><div class="detail-body mt-4">
<table class="table table-sm">
  <thead><tr><th class="status-col">Status</th><th class="timestamp-col">Timestamp</th><th class="details-col">Details</th></tr></thead>
  <tbody>
      <tr class="event-row">
        <td><span class="badge log pass-bg">Pass</span></td>
        <td>4:08:07 PM</td>
        <td>
          <span class='badge white-text green'><b>TEST CASE:- CHECKRESOLUTIONFORNEWLYPRODUCTS PASSED</b></span>
        </td>
      </tr>
  </tbody>
</table>
</div>
          </div>
        </li>
        <li class="test-item"  status="pass" test-id="12"
          author=""
          tag=""
          device="">
          <div class="test-detail">
            <p class="name">testCases.NewlyProducts     @TestCase : checkResolutionForNewlyProducts</p>
            <p class="text-sm">
              <span>4:08:07 PM</span> / <span>00:00:39:515</span>
              <span class="badge pass-bg log float-right">Pass</span>
            </p>
          </div>
          <div class="test-contents d-none">
<div class="detail-head">
<div class="p-v-10">
<div class="info">
<h5 class="test-status text-pass">testCases.NewlyProducts @TestCase : checkResolutionForNewlyProducts</h5>
<span class='badge badge-success'>05.20.2022 4:08:07 PM</span>
<span class='badge badge-danger'>05.20.2022 4:08:46 PM</span>
<span class='badge badge-default'>00:00:39:515</span>
&middot; <span class='uri-anchor badge badge-default'>#test-id=12</span>
<span class='badge badge-default pointer float-right ml-1 et'><i class="fa fa-chevron-down"></i></span>
<span class='badge badge-default pointer float-right ct'><i class="fa fa-chevron-up"></i></span>
</div>
</div>
</div><div class="detail-body mt-4">
<table class="table table-sm">
  <thead><tr><th class="status-col">Status</th><th class="timestamp-col">Timestamp</th><th class="details-col">Details</th></tr></thead>
  <tbody>
      <tr class="event-row">
        <td><span class="badge log pass-bg">Pass</span></td>
        <td>4:08:46 PM</td>
        <td>
          <span class='badge white-text green'><b>TEST CASE:- CHECKRESOLUTIONFORNEWLYPRODUCTS PASSED</b></span>
        </td>
      </tr>
  </tbody>
</table>
</div>
          </div>
        </li>
        <li class="test-item"  status="pass" test-id="13"
          author=""
          tag=""
          device="">
          <div class="test-detail">
            <p class="name">testCases.NewlyProducts     @TestCase : checkResolutionForNewlyProducts</p>
            <p class="text-sm">
              <span>4:08:46 PM</span> / <span>00:00:10:659</span>
              <span class="badge pass-bg log float-right">Pass</span>
            </p>
          </div>
          <div class="test-contents d-none">
<div class="detail-head">
<div class="p-v-10">
<div class="info">
<h5 class="test-status text-pass">testCases.NewlyProducts @TestCase : checkResolutionForNewlyProducts</h5>
<span class='badge badge-success'>05.20.2022 4:08:46 PM</span>
<span class='badge badge-danger'>05.20.2022 4:08:57 PM</span>
<span class='badge badge-default'>00:00:10:659</span>
&middot; <span class='uri-anchor badge badge-default'>#test-id=13</span>
<span class='badge badge-default pointer float-right ml-1 et'><i class="fa fa-chevron-down"></i></span>
<span class='badge badge-default pointer float-right ct'><i class="fa fa-chevron-up"></i></span>
</div>
</div>
</div><div class="detail-body mt-4">
<table class="table table-sm">
  <thead><tr><th class="status-col">Status</th><th class="timestamp-col">Timestamp</th><th class="details-col">Details</th></tr></thead>
  <tbody>
      <tr class="event-row">
        <td><span class="badge log pass-bg">Pass</span></td>
        <td>4:08:57 PM</td>
        <td>
          <span class='badge white-text green'><b>TEST CASE:- CHECKRESOLUTIONFORNEWLYPRODUCTS PASSED</b></span>
        </td>
      </tr>
  </tbody>
</table>
</div>
          </div>
        </li>
        <li class="test-item"  status="pass" test-id="14"
          author=""
          tag=""
          device="">
          <div class="test-detail">
            <p class="name">testCases.NewlyProducts     @TestCase : checkResolutionForNewlyProducts</p>
            <p class="text-sm">
              <span>4:08:57 PM</span> / <span>00:00:21:265</span>
              <span class="badge pass-bg log float-right">Pass</span>
            </p>
          </div>
          <div class="test-contents d-none">
<div class="detail-head">
<div class="p-v-10">
<div class="info">
<h5 class="test-status text-pass">testCases.NewlyProducts @TestCase : checkResolutionForNewlyProducts</h5>
<span class='badge badge-success'>05.20.2022 4:08:57 PM</span>
<span class='badge badge-danger'>05.20.2022 4:09:18 PM</span>
<span class='badge badge-default'>00:00:21:265</span>
&middot; <span class='uri-anchor badge badge-default'>#test-id=14</span>
<span class='badge badge-default pointer float-right ml-1 et'><i class="fa fa-chevron-down"></i></span>
<span class='badge badge-default pointer float-right ct'><i class="fa fa-chevron-up"></i></span>
</div>
</div>
</div><div class="detail-body mt-4">
<table class="table table-sm">
  <thead><tr><th class="status-col">Status</th><th class="timestamp-col">Timestamp</th><th class="details-col">Details</th></tr></thead>
  <tbody>
      <tr class="event-row">
        <td><span class="badge log pass-bg">Pass</span></td>
        <td>4:09:18 PM</td>
        <td>
          <span class='badge white-text green'><b>TEST CASE:- CHECKRESOLUTIONFORNEWLYPRODUCTS PASSED</b></span>
        </td>
      </tr>
  </tbody>
</table>
</div>
          </div>
        </li>
        <li class="test-item"  status="fail" test-id="15"
          author=""
          tag=""
          device="">
          <div class="test-detail">
            <p class="name">testCases.NewlyProducts     @TestCase : checkResolutionForNewlyProducts</p>
            <p class="text-sm">
              <span>4:09:18 PM</span> / <span>00:00:09:558</span>
              <span class="badge fail-bg log float-right">Fail</span>
            </p>
          </div>
          <div class="test-contents d-none">
<div class="detail-head">
<div class="p-v-10">
<div class="info">
<h5 class="test-status text-fail">testCases.NewlyProducts @TestCase : checkResolutionForNewlyProducts</h5>
<span class='badge badge-success'>05.20.2022 4:09:18 PM</span>
<span class='badge badge-danger'>05.20.2022 4:09:28 PM</span>
<span class='badge badge-default'>00:00:09:558</span>
&middot; <span class='uri-anchor badge badge-default'>#test-id=15</span>
<span class='badge badge-default pointer float-right ml-1 et'><i class="fa fa-chevron-down"></i></span>
<span class='badge badge-default pointer float-right ct'><i class="fa fa-chevron-up"></i></span>
</div>
</div>
</div><div class="detail-body mt-4">
<table class="table table-sm">
  <thead><tr><th class="status-col">Status</th><th class="timestamp-col">Timestamp</th><th class="details-col">Details</th></tr></thead>
  <tbody>
      <tr class="event-row">
        <td><span class="badge log fail-bg">Fail</span></td>
        <td>4:09:28 PM</td>
        <td>
          <details><summary><b><font color=red>Exception Occured:Click to see</font></b ></summary>[org.testng.Assert.fail(Assert.java:110)<br> org.testng.Assert.failNotEquals(Assert.java:1413)<br> org.testng.Assert.assertTrue(Assert.java:56)<br> testCases.BaseClass.checkResolutionForNewlyAndPopular(BaseClass.java:183)<br> testCases.NewlyProducts.checkResolutionForNewlyProducts(NewlyProducts.java:31)<br> java.base/jdk.internal.reflect.NativeMethodAccessorImpl.invoke0(Native Method)<br> java.base/jdk.internal.reflect.NativeMethodAccessorImpl.invoke(NativeMethodAccessorImpl.java:77)<br> java.base/jdk.internal.reflect.DelegatingMethodAccessorImpl.invoke(DelegatingMethodAccessorImpl.java:43)<br> java.base/java.lang.reflect.Method.invoke(Method.java:568)<br> org.testng.internal.invokers.MethodInvocationHelper.invokeMethod(MethodInvocationHelper.java:135)<br> org.testng.internal.invokers.TestInvoker.invokeMethod(TestInvoker.java:673)<br> org.testng.internal.invokers.TestInvoker.invokeTestMethod(TestInvoker.java:220)<br> org.testng.internal.invokers.MethodRunner.runInSequence(MethodRunner.java:50)<br> org.testng.internal.invokers.TestInvoker$MethodInvocationAgent.invoke(TestInvoker.java:945)<br> org.testng.internal.invokers.TestInvoker.invokeTestMethods(TestInvoker.java:193)<br> org.testng.internal.invokers.TestMethodWorker.invokeTestMethods(TestMethodWorker.java:146)<br> org.testng.internal.invokers.TestMethodWorker.run(TestMethodWorker.java:128)<br> java.base/java.util.ArrayList.forEach(ArrayList.java:1511)<br> org.testng.TestRunner.privateRun(TestRunner.java:808)<br> org.testng.TestRunner.run(TestRunner.java:603)<br> org.testng.SuiteRunner.runTest(SuiteRunner.java:429)<br> org.testng.SuiteRunner.runSequentially(SuiteRunner.java:423)<br> org.testng.SuiteRunner.privateRun(SuiteRunner.java:383)<br> org.testng.SuiteRunner.run(SuiteRunner.java:326)<br> org.testng.SuiteRunnerWorker.runSuite(SuiteRunnerWorker.java:52)<br> org.testng.SuiteRunnerWorker.run(SuiteRunnerWorker.java:95)<br> org.testng.TestNG.runSuitesSequentially(TestNG.java:1249)<br> org.testng.TestNG.runSuitesLocally(TestNG.java:1169)<br> org.testng.TestNG.runSuites(TestNG.java:1092)<br> org.testng.TestNG.run(TestNG.java:1060)<br> org.apache.maven.surefire.testng.TestNGExecutor.run(TestNGExecutor.java:295)<br> org.apache.maven.surefire.testng.TestNGXmlTestSuite.execute(TestNGXmlTestSuite.java:84)<br> org.apache.maven.surefire.testng.TestNGProvider.invoke(TestNGProvider.java:90)<br> org.apache.maven.surefire.booter.ForkedBooter.invokeProviderInSameClassLoader(ForkedBooter.java:203)<br> org.apache.maven.surefire.booter.ForkedBooter.runSuitesInProcess(ForkedBooter.java:155)<br> org.apache.maven.surefire.booter.ForkedBooter.main(ForkedBooter.java:103)]</details> 

        </td>
      </tr>
      <tr class="event-row">
        <td><span class="badge log fail-bg">Fail</span></td>
        <td>4:09:28 PM</td>
        <td>
          <b><font color=red>Screenshot of failure</font></b>
    <div class="row mb-3"><div class="col-md-3">
<img data-featherlight='FailedScreenShot.png' src="FailedScreenShot.png">
    
    </div></div>
        </td>
      </tr>
      <tr class="event-row">
        <td><span class="badge log fail-bg">Fail</span></td>
        <td>4:09:28 PM</td>
        <td>
          <span class='badge white-text red'>TEST CASE FAILED</span>
        </td>
      </tr>
  </tbody>
</table>
</div>
          </div>
        </li>
        <li class="test-item"  status="pass" test-id="16"
          author=""
          tag=""
          device="">
          <div class="test-detail">
            <p class="name">testCases.PopularPPts     @TestCase : checkResolutionForpopularPPts</p>
            <p class="text-sm">
              <span>4:09:32 PM</span> / <span>00:00:17:127</span>
              <span class="badge pass-bg log float-right">Pass</span>
            </p>
          </div>
          <div class="test-contents d-none">
<div class="detail-head">
<div class="p-v-10">
<div class="info">
<h5 class="test-status text-pass">testCases.PopularPPts @TestCase : checkResolutionForpopularPPts</h5>
<span class='badge badge-success'>05.20.2022 4:09:32 PM</span>
<span class='badge badge-danger'>05.20.2022 4:09:49 PM</span>
<span class='badge badge-default'>00:00:17:127</span>
&middot; <span class='uri-anchor badge badge-default'>#test-id=16</span>
<span class='badge badge-default pointer float-right ml-1 et'><i class="fa fa-chevron-down"></i></span>
<span class='badge badge-default pointer float-right ct'><i class="fa fa-chevron-up"></i></span>
</div>
</div>
</div><div class="detail-body mt-4">
<table class="table table-sm">
  <thead><tr><th class="status-col">Status</th><th class="timestamp-col">Timestamp</th><th class="details-col">Details</th></tr></thead>
  <tbody>
      <tr class="event-row">
        <td><span class="badge log pass-bg">Pass</span></td>
        <td>4:09:49 PM</td>
        <td>
          <span class='badge white-text green'><b>TEST CASE:- CHECKRESOLUTIONFORPOPULARPPTS PASSED</b></span>
        </td>
      </tr>
  </tbody>
</table>
</div>
          </div>
        </li>
        <li class="test-item"  status="pass" test-id="17"
          author=""
          tag=""
          device="">
          <div class="test-detail">
            <p class="name">testCases.PopularPPts     @TestCase : checkResolutionForpopularPPts</p>
            <p class="text-sm">
              <span>4:09:49 PM</span> / <span>00:01:15:339</span>
              <span class="badge pass-bg log float-right">Pass</span>
            </p>
          </div>
          <div class="test-contents d-none">
<div class="detail-head">
<div class="p-v-10">
<div class="info">
<h5 class="test-status text-pass">testCases.PopularPPts @TestCase : checkResolutionForpopularPPts</h5>
<span class='badge badge-success'>05.20.2022 4:09:49 PM</span>
<span class='badge badge-danger'>05.20.2022 4:11:04 PM</span>
<span class='badge badge-default'>00:01:15:339</span>
&middot; <span class='uri-anchor badge badge-default'>#test-id=17</span>
<span class='badge badge-default pointer float-right ml-1 et'><i class="fa fa-chevron-down"></i></span>
<span class='badge badge-default pointer float-right ct'><i class="fa fa-chevron-up"></i></span>
</div>
</div>
</div><div class="detail-body mt-4">
<table class="table table-sm">
  <thead><tr><th class="status-col">Status</th><th class="timestamp-col">Timestamp</th><th class="details-col">Details</th></tr></thead>
  <tbody>
      <tr class="event-row">
        <td><span class="badge log pass-bg">Pass</span></td>
        <td>4:11:04 PM</td>
        <td>
          <span class='badge white-text green'><b>TEST CASE:- CHECKRESOLUTIONFORPOPULARPPTS PASSED</b></span>
        </td>
      </tr>
  </tbody>
</table>
</div>
          </div>
        </li>
        <li class="test-item"  status="pass" test-id="18"
          author=""
          tag=""
          device="">
          <div class="test-detail">
            <p class="name">testCases.PopularPPts     @TestCase : checkResolutionForpopularPPts</p>
            <p class="text-sm">
              <span>4:11:04 PM</span> / <span>00:00:17:013</span>
              <span class="badge pass-bg log float-right">Pass</span>
            </p>
          </div>
          <div class="test-contents d-none">
<div class="detail-head">
<div class="p-v-10">
<div class="info">
<h5 class="test-status text-pass">testCases.PopularPPts @TestCase : checkResolutionForpopularPPts</h5>
<span class='badge badge-success'>05.20.2022 4:11:04 PM</span>
<span class='badge badge-danger'>05.20.2022 4:11:21 PM</span>
<span class='badge badge-default'>00:00:17:013</span>
&middot; <span class='uri-anchor badge badge-default'>#test-id=18</span>
<span class='badge badge-default pointer float-right ml-1 et'><i class="fa fa-chevron-down"></i></span>
<span class='badge badge-default pointer float-right ct'><i class="fa fa-chevron-up"></i></span>
</div>
</div>
</div><div class="detail-body mt-4">
<table class="table table-sm">
  <thead><tr><th class="status-col">Status</th><th class="timestamp-col">Timestamp</th><th class="details-col">Details</th></tr></thead>
  <tbody>
      <tr class="event-row">
        <td><span class="badge log pass-bg">Pass</span></td>
        <td>4:11:21 PM</td>
        <td>
          <span class='badge white-text green'><b>TEST CASE:- CHECKRESOLUTIONFORPOPULARPPTS PASSED</b></span>
        </td>
      </tr>
  </tbody>
</table>
</div>
          </div>
        </li>
        <li class="test-item"  status="pass" test-id="19"
          author=""
          tag=""
          device="">
          <div class="test-detail">
            <p class="name">testCases.PopularPPts     @TestCase : checkResolutionForpopularPPts</p>
            <p class="text-sm">
              <span>4:11:21 PM</span> / <span>00:00:52:617</span>
              <span class="badge pass-bg log float-right">Pass</span>
            </p>
          </div>
          <div class="test-contents d-none">
<div class="detail-head">
<div class="p-v-10">
<div class="info">
<h5 class="test-status text-pass">testCases.PopularPPts @TestCase : checkResolutionForpopularPPts</h5>
<span class='badge badge-success'>05.20.2022 4:11:21 PM</span>
<span class='badge badge-danger'>05.20.2022 4:12:14 PM</span>
<span class='badge badge-default'>00:00:52:617</span>
&middot; <span class='uri-anchor badge badge-default'>#test-id=19</span>
<span class='badge badge-default pointer float-right ml-1 et'><i class="fa fa-chevron-down"></i></span>
<span class='badge badge-default pointer float-right ct'><i class="fa fa-chevron-up"></i></span>
</div>
</div>
</div><div class="detail-body mt-4">
<table class="table table-sm">
  <thead><tr><th class="status-col">Status</th><th class="timestamp-col">Timestamp</th><th class="details-col">Details</th></tr></thead>
  <tbody>
      <tr class="event-row">
        <td><span class="badge log pass-bg">Pass</span></td>
        <td>4:12:14 PM</td>
        <td>
          <span class='badge white-text green'><b>TEST CASE:- CHECKRESOLUTIONFORPOPULARPPTS PASSED</b></span>
        </td>
      </tr>
  </tbody>
</table>
</div>
          </div>
        </li>
        <li class="test-item"  status="pass" test-id="20"
          author=""
          tag=""
          device="">
          <div class="test-detail">
            <p class="name">testCases.PopularPPts     @TestCase : checkResolutionForpopularPPts</p>
            <p class="text-sm">
              <span>4:12:14 PM</span> / <span>00:00:16:638</span>
              <span class="badge pass-bg log float-right">Pass</span>
            </p>
          </div>
          <div class="test-contents d-none">
<div class="detail-head">
<div class="p-v-10">
<div class="info">
<h5 class="test-status text-pass">testCases.PopularPPts @TestCase : checkResolutionForpopularPPts</h5>
<span class='badge badge-success'>05.20.2022 4:12:14 PM</span>
<span class='badge badge-danger'>05.20.2022 4:12:31 PM</span>
<span class='badge badge-default'>00:00:16:638</span>
&middot; <span class='uri-anchor badge badge-default'>#test-id=20</span>
<span class='badge badge-default pointer float-right ml-1 et'><i class="fa fa-chevron-down"></i></span>
<span class='badge badge-default pointer float-right ct'><i class="fa fa-chevron-up"></i></span>
</div>
</div>
</div><div class="detail-body mt-4">
<table class="table table-sm">
  <thead><tr><th class="status-col">Status</th><th class="timestamp-col">Timestamp</th><th class="details-col">Details</th></tr></thead>
  <tbody>
      <tr class="event-row">
        <td><span class="badge log pass-bg">Pass</span></td>
        <td>4:12:31 PM</td>
        <td>
          <span class='badge white-text green'><b>TEST CASE:- CHECKRESOLUTIONFORPOPULARPPTS PASSED</b></span>
        </td>
      </tr>
  </tbody>
</table>
</div>
          </div>
        </li>
        <li class="test-item"  status="fail" test-id="21"
          author=""
          tag=""
          device="">
          <div class="test-detail">
            <p class="name">testCases.PopularPPts     @TestCase : checkResolutionForpopularPPts</p>
            <p class="text-sm">
              <span>4:12:31 PM</span> / <span>00:00:10:579</span>
              <span class="badge fail-bg log float-right">Fail</span>
            </p>
          </div>
          <div class="test-contents d-none">
<div class="detail-head">
<div class="p-v-10">
<div class="info">
<h5 class="test-status text-fail">testCases.PopularPPts @TestCase : checkResolutionForpopularPPts</h5>
<span class='badge badge-success'>05.20.2022 4:12:31 PM</span>
<span class='badge badge-danger'>05.20.2022 4:12:41 PM</span>
<span class='badge badge-default'>00:00:10:579</span>
&middot; <span class='uri-anchor badge badge-default'>#test-id=21</span>
<span class='badge badge-default pointer float-right ml-1 et'><i class="fa fa-chevron-down"></i></span>
<span class='badge badge-default pointer float-right ct'><i class="fa fa-chevron-up"></i></span>
</div>
</div>
</div><div class="detail-body mt-4">
<table class="table table-sm">
  <thead><tr><th class="status-col">Status</th><th class="timestamp-col">Timestamp</th><th class="details-col">Details</th></tr></thead>
  <tbody>
      <tr class="event-row">
        <td><span class="badge log fail-bg">Fail</span></td>
        <td>4:12:41 PM</td>
        <td>
          <details><summary><b><font color=red>Exception Occured:Click to see</font></b ></summary>[org.testng.Assert.fail(Assert.java:110)<br> org.testng.Assert.failNotEquals(Assert.java:1413)<br> org.testng.Assert.assertTrue(Assert.java:56)<br> testCases.BaseClass.checkResolutionForNewlyAndPopular(BaseClass.java:183)<br> testCases.PopularPPts.checkResolutionForpopularPPts(PopularPPts.java:38)<br> java.base/jdk.internal.reflect.NativeMethodAccessorImpl.invoke0(Native Method)<br> java.base/jdk.internal.reflect.NativeMethodAccessorImpl.invoke(NativeMethodAccessorImpl.java:77)<br> java.base/jdk.internal.reflect.DelegatingMethodAccessorImpl.invoke(DelegatingMethodAccessorImpl.java:43)<br> java.base/java.lang.reflect.Method.invoke(Method.java:568)<br> org.testng.internal.invokers.MethodInvocationHelper.invokeMethod(MethodInvocationHelper.java:135)<br> org.testng.internal.invokers.TestInvoker.invokeMethod(TestInvoker.java:673)<br> org.testng.internal.invokers.TestInvoker.invokeTestMethod(TestInvoker.java:220)<br> org.testng.internal.invokers.MethodRunner.runInSequence(MethodRunner.java:50)<br> org.testng.internal.invokers.TestInvoker$MethodInvocationAgent.invoke(TestInvoker.java:945)<br> org.testng.internal.invokers.TestInvoker.invokeTestMethods(TestInvoker.java:193)<br> org.testng.internal.invokers.TestMethodWorker.invokeTestMethods(TestMethodWorker.java:146)<br> org.testng.internal.invokers.TestMethodWorker.run(TestMethodWorker.java:128)<br> java.base/java.util.ArrayList.forEach(ArrayList.java:1511)<br> org.testng.TestRunner.privateRun(TestRunner.java:808)<br> org.testng.TestRunner.run(TestRunner.java:603)<br> org.testng.SuiteRunner.runTest(SuiteRunner.java:429)<br> org.testng.SuiteRunner.runSequentially(SuiteRunner.java:423)<br> org.testng.SuiteRunner.privateRun(SuiteRunner.java:383)<br> org.testng.SuiteRunner.run(SuiteRunner.java:326)<br> org.testng.SuiteRunnerWorker.runSuite(SuiteRunnerWorker.java:52)<br> org.testng.SuiteRunnerWorker.run(SuiteRunnerWorker.java:95)<br> org.testng.TestNG.runSuitesSequentially(TestNG.java:1249)<br> org.testng.TestNG.runSuitesLocally(TestNG.java:1169)<br> org.testng.TestNG.runSuites(TestNG.java:1092)<br> org.testng.TestNG.run(TestNG.java:1060)<br> org.apache.maven.surefire.testng.TestNGExecutor.run(TestNGExecutor.java:295)<br> org.apache.maven.surefire.testng.TestNGXmlTestSuite.execute(TestNGXmlTestSuite.java:84)<br> org.apache.maven.surefire.testng.TestNGProvider.invoke(TestNGProvider.java:90)<br> org.apache.maven.surefire.booter.ForkedBooter.invokeProviderInSameClassLoader(ForkedBooter.java:203)<br> org.apache.maven.surefire.booter.ForkedBooter.runSuitesInProcess(ForkedBooter.java:155)<br> org.apache.maven.surefire.booter.ForkedBooter.main(ForkedBooter.java:103)]</details> 

        </td>
      </tr>
      <tr class="event-row">
        <td><span class="badge log fail-bg">Fail</span></td>
        <td>4:12:41 PM</td>
        <td>
          <b><font color=red>Screenshot of failure</font></b>
    <div class="row mb-3"><div class="col-md-3">
<img data-featherlight='FailedScreenShot.png' src="FailedScreenShot.png">
    
    </div></div>
        </td>
      </tr>
      <tr class="event-row">
        <td><span class="badge log fail-bg">Fail</span></td>
        <td>4:12:41 PM</td>
        <td>
          <span class='badge white-text red'>TEST CASE FAILED</span>
        </td>
      </tr>
  </tbody>
</table>
</div>
          </div>
        </li>
        <li class="test-item"  status="pass" test-id="22"
          author=""
          tag=""
          device="">
          <div class="test-detail">
            <p class="name">testCases.PopularPPts     @TestCase : checkResolutionForpopularPPts</p>
            <p class="text-sm">
              <span>4:12:41 PM</span> / <span>00:00:56:224</span>
              <span class="badge pass-bg log float-right">Pass</span>
            </p>
          </div>
          <div class="test-contents d-none">
<div class="detail-head">
<div class="p-v-10">
<div class="info">
<h5 class="test-status text-pass">testCases.PopularPPts @TestCase : checkResolutionForpopularPPts</h5>
<span class='badge badge-success'>05.20.2022 4:12:41 PM</span>
<span class='badge badge-danger'>05.20.2022 4:13:38 PM</span>
<span class='badge badge-default'>00:00:56:224</span>
&middot; <span class='uri-anchor badge badge-default'>#test-id=22</span>
<span class='badge badge-default pointer float-right ml-1 et'><i class="fa fa-chevron-down"></i></span>
<span class='badge badge-default pointer float-right ct'><i class="fa fa-chevron-up"></i></span>
</div>
</div>
</div><div class="detail-body mt-4">
<table class="table table-sm">
  <thead><tr><th class="status-col">Status</th><th class="timestamp-col">Timestamp</th><th class="details-col">Details</th></tr></thead>
  <tbody>
      <tr class="event-row">
        <td><span class="badge log pass-bg">Pass</span></td>
        <td>4:13:38 PM</td>
        <td>
          <span class='badge white-text green'><b>TEST CASE:- CHECKRESOLUTIONFORPOPULARPPTS PASSED</b></span>
        </td>
      </tr>
  </tbody>
</table>
</div>
          </div>
        </li>
        <li class="test-item"  status="fail" test-id="23"
          author=""
          tag=""
          device="">
          <div class="test-detail">
            <p class="name">testCases.SliPages     @TestCase : checkResolutionForSliPages</p>
            <p class="text-sm">
              <span>4:13:38 PM</span> / <span>00:00:33:068</span>
              <span class="badge fail-bg log float-right">Fail</span>
            </p>
          </div>
          <div class="test-contents d-none">
<div class="detail-head">
<div class="p-v-10">
<div class="info">
<h5 class="test-status text-fail">testCases.SliPages @TestCase : checkResolutionForSliPages</h5>
<span class='badge badge-success'>05.20.2022 4:13:38 PM</span>
<span class='badge badge-danger'>05.20.2022 4:14:11 PM</span>
<span class='badge badge-default'>00:00:33:068</span>
&middot; <span class='uri-anchor badge badge-default'>#test-id=23</span>
<span class='badge badge-default pointer float-right ml-1 et'><i class="fa fa-chevron-down"></i></span>
<span class='badge badge-default pointer float-right ct'><i class="fa fa-chevron-up"></i></span>
</div>
</div>
</div><div class="detail-body mt-4">
<table class="table table-sm">
  <thead><tr><th class="status-col">Status</th><th class="timestamp-col">Timestamp</th><th class="details-col">Details</th></tr></thead>
  <tbody>
      <tr class="event-row">
        <td><span class="badge log fail-bg">Fail</span></td>
        <td>4:14:10 PM</td>
        <td>
          <details><summary><b><font color=red>Exception Occured:Click to see</font></b ></summary>[org.openqa.selenium.support.ui.WebDriverWait.timeoutException(WebDriverWait.java:95)<br> org.openqa.selenium.support.ui.FluentWait.until(FluentWait.java:272)<br> testCases.SliPages.checkResolutionForSliPages(SliPages.java:24)<br> java.base/jdk.internal.reflect.NativeMethodAccessorImpl.invoke0(Native Method)<br> java.base/jdk.internal.reflect.NativeMethodAccessorImpl.invoke(NativeMethodAccessorImpl.java:77)<br> java.base/jdk.internal.reflect.DelegatingMethodAccessorImpl.invoke(DelegatingMethodAccessorImpl.java:43)<br> java.base/java.lang.reflect.Method.invoke(Method.java:568)<br> org.testng.internal.invokers.MethodInvocationHelper.invokeMethod(MethodInvocationHelper.java:135)<br> org.testng.internal.invokers.TestInvoker.invokeMethod(TestInvoker.java:673)<br> org.testng.internal.invokers.TestInvoker.invokeTestMethod(TestInvoker.java:220)<br> org.testng.internal.invokers.MethodRunner.runInSequence(MethodRunner.java:50)<br> org.testng.internal.invokers.TestInvoker$MethodInvocationAgent.invoke(TestInvoker.java:945)<br> org.testng.internal.invokers.TestInvoker.invokeTestMethods(TestInvoker.java:193)<br> org.testng.internal.invokers.TestMethodWorker.invokeTestMethods(TestMethodWorker.java:146)<br> org.testng.internal.invokers.TestMethodWorker.run(TestMethodWorker.java:128)<br> java.base/java.util.ArrayList.forEach(ArrayList.java:1511)<br> org.testng.TestRunner.privateRun(TestRunner.java:808)<br> org.testng.TestRunner.run(TestRunner.java:603)<br> org.testng.SuiteRunner.runTest(SuiteRunner.java:429)<br> org.testng.SuiteRunner.runSequentially(SuiteRunner.java:423)<br> org.testng.SuiteRunner.privateRun(SuiteRunner.java:383)<br> org.testng.SuiteRunner.run(SuiteRunner.java:326)<br> org.testng.SuiteRunnerWorker.runSuite(SuiteRunnerWorker.java:52)<br> org.testng.SuiteRunnerWorker.run(SuiteRunnerWorker.java:95)<br> org.testng.TestNG.runSuitesSequentially(TestNG.java:1249)<br> org.testng.TestNG.runSuitesLocally(TestNG.java:1169)<br> org.testng.TestNG.runSuites(TestNG.java:1092)<br> org.testng.TestNG.run(TestNG.java:1060)<br> org.apache.maven.surefire.testng.TestNGExecutor.run(TestNGExecutor.java:295)<br> org.apache.maven.surefire.testng.TestNGXmlTestSuite.execute(TestNGXmlTestSuite.java:84)<br> org.apache.maven.surefire.testng.TestNGProvider.invoke(TestNGProvider.java:90)<br> org.apache.maven.surefire.booter.ForkedBooter.invokeProviderInSameClassLoader(ForkedBooter.java:203)<br> org.apache.maven.surefire.booter.ForkedBooter.runSuitesInProcess(ForkedBooter.java:155)<br> org.apache.maven.surefire.booter.ForkedBooter.main(ForkedBooter.java:103)]</details> 

        </td>
      </tr>
      <tr class="event-row">
        <td><span class="badge log fail-bg">Fail</span></td>
        <td>4:14:11 PM</td>
        <td>
          <b><font color=red>Screenshot of failure</font></b>
    <div class="row mb-3"><div class="col-md-3">
<img data-featherlight='FailedScreenShot.png' src="FailedScreenShot.png">
    
    </div></div>
        </td>
      </tr>
      <tr class="event-row">
        <td><span class="badge log fail-bg">Fail</span></td>
        <td>4:14:11 PM</td>
        <td>
          <span class='badge white-text red'>TEST CASE FAILED</span>
        </td>
      </tr>
  </tbody>
</table>
</div>
          </div>
        </li>
        <li class="test-item"  status="fail" test-id="24"
          author=""
          tag=""
          device="">
          <div class="test-detail">
            <p class="name">testCases.SliPages     @TestCase : checkResolutionForSliPages</p>
            <p class="text-sm">
              <span>4:14:15 PM</span> / <span>00:00:32:453</span>
              <span class="badge fail-bg log float-right">Fail</span>
            </p>
          </div>
          <div class="test-contents d-none">
<div class="detail-head">
<div class="p-v-10">
<div class="info">
<h5 class="test-status text-fail">testCases.SliPages @TestCase : checkResolutionForSliPages</h5>
<span class='badge badge-success'>05.20.2022 4:14:15 PM</span>
<span class='badge badge-danger'>05.20.2022 4:14:47 PM</span>
<span class='badge badge-default'>00:00:32:453</span>
&middot; <span class='uri-anchor badge badge-default'>#test-id=24</span>
<span class='badge badge-default pointer float-right ml-1 et'><i class="fa fa-chevron-down"></i></span>
<span class='badge badge-default pointer float-right ct'><i class="fa fa-chevron-up"></i></span>
</div>
</div>
</div><div class="detail-body mt-4">
<table class="table table-sm">
  <thead><tr><th class="status-col">Status</th><th class="timestamp-col">Timestamp</th><th class="details-col">Details</th></tr></thead>
  <tbody>
      <tr class="event-row">
        <td><span class="badge log fail-bg">Fail</span></td>
        <td>4:14:47 PM</td>
        <td>
          <details><summary><b><font color=red>Exception Occured:Click to see</font></b ></summary>[org.openqa.selenium.support.ui.WebDriverWait.timeoutException(WebDriverWait.java:95)<br> org.openqa.selenium.support.ui.FluentWait.until(FluentWait.java:272)<br> testCases.SliPages.checkResolutionForSliPages(SliPages.java:24)<br> java.base/jdk.internal.reflect.NativeMethodAccessorImpl.invoke0(Native Method)<br> java.base/jdk.internal.reflect.NativeMethodAccessorImpl.invoke(NativeMethodAccessorImpl.java:77)<br> java.base/jdk.internal.reflect.DelegatingMethodAccessorImpl.invoke(DelegatingMethodAccessorImpl.java:43)<br> java.base/java.lang.reflect.Method.invoke(Method.java:568)<br> org.testng.internal.invokers.MethodInvocationHelper.invokeMethod(MethodInvocationHelper.java:135)<br> org.testng.internal.invokers.TestInvoker.invokeMethod(TestInvoker.java:673)<br> org.testng.internal.invokers.TestInvoker.invokeTestMethod(TestInvoker.java:220)<br> org.testng.internal.invokers.MethodRunner.runInSequence(MethodRunner.java:50)<br> org.testng.internal.invokers.TestInvoker$MethodInvocationAgent.invoke(TestInvoker.java:945)<br> org.testng.internal.invokers.TestInvoker.invokeTestMethods(TestInvoker.java:193)<br> org.testng.internal.invokers.TestMethodWorker.invokeTestMethods(TestMethodWorker.java:146)<br> org.testng.internal.invokers.TestMethodWorker.run(TestMethodWorker.java:128)<br> java.base/java.util.ArrayList.forEach(ArrayList.java:1511)<br> org.testng.TestRunner.privateRun(TestRunner.java:808)<br> org.testng.TestRunner.run(TestRunner.java:603)<br> org.testng.SuiteRunner.runTest(SuiteRunner.java:429)<br> org.testng.SuiteRunner.runSequentially(SuiteRunner.java:423)<br> org.testng.SuiteRunner.privateRun(SuiteRunner.java:383)<br> org.testng.SuiteRunner.run(SuiteRunner.java:326)<br> org.testng.SuiteRunnerWorker.runSuite(SuiteRunnerWorker.java:52)<br> org.testng.SuiteRunnerWorker.run(SuiteRunnerWorker.java:95)<br> org.testng.TestNG.runSuitesSequentially(TestNG.java:1249)<br> org.testng.TestNG.runSuitesLocally(TestNG.java:1169)<br> org.testng.TestNG.runSuites(TestNG.java:1092)<br> org.testng.TestNG.run(TestNG.java:1060)<br> org.apache.maven.surefire.testng.TestNGExecutor.run(TestNGExecutor.java:295)<br> org.apache.maven.surefire.testng.TestNGXmlTestSuite.execute(TestNGXmlTestSuite.java:84)<br> org.apache.maven.surefire.testng.TestNGProvider.invoke(TestNGProvider.java:90)<br> org.apache.maven.surefire.booter.ForkedBooter.invokeProviderInSameClassLoader(ForkedBooter.java:203)<br> org.apache.maven.surefire.booter.ForkedBooter.runSuitesInProcess(ForkedBooter.java:155)<br> org.apache.maven.surefire.booter.ForkedBooter.main(ForkedBooter.java:103)]</details> 

        </td>
      </tr>
      <tr class="event-row">
        <td><span class="badge log fail-bg">Fail</span></td>
        <td>4:14:47 PM</td>
        <td>
          <b><font color=red>Screenshot of failure</font></b>
    <div class="row mb-3"><div class="col-md-3">
<img data-featherlight='FailedScreenShot.png' src="FailedScreenShot.png">
    
    </div></div>
        </td>
      </tr>
      <tr class="event-row">
        <td><span class="badge log fail-bg">Fail</span></td>
        <td>4:14:47 PM</td>
        <td>
          <span class='badge white-text red'>TEST CASE FAILED</span>
        </td>
      </tr>
  </tbody>
</table>
</div>
          </div>
        </li>
        <li class="test-item"  status="fail" test-id="25"
          author=""
          tag=""
          device="">
          <div class="test-detail">
            <p class="name">testCases.SliPages     @TestCase : checkResolutionForSliPages</p>
            <p class="text-sm">
              <span>4:14:51 PM</span> / <span>00:00:31:842</span>
              <span class="badge fail-bg log float-right">Fail</span>
            </p>
          </div>
          <div class="test-contents d-none">
<div class="detail-head">
<div class="p-v-10">
<div class="info">
<h5 class="test-status text-fail">testCases.SliPages @TestCase : checkResolutionForSliPages</h5>
<span class='badge badge-success'>05.20.2022 4:14:51 PM</span>
<span class='badge badge-danger'>05.20.2022 4:15:23 PM</span>
<span class='badge badge-default'>00:00:31:842</span>
&middot; <span class='uri-anchor badge badge-default'>#test-id=25</span>
<span class='badge badge-default pointer float-right ml-1 et'><i class="fa fa-chevron-down"></i></span>
<span class='badge badge-default pointer float-right ct'><i class="fa fa-chevron-up"></i></span>
</div>
</div>
</div><div class="detail-body mt-4">
<table class="table table-sm">
  <thead><tr><th class="status-col">Status</th><th class="timestamp-col">Timestamp</th><th class="details-col">Details</th></tr></thead>
  <tbody>
      <tr class="event-row">
        <td><span class="badge log fail-bg">Fail</span></td>
        <td>4:15:23 PM</td>
        <td>
          <details><summary><b><font color=red>Exception Occured:Click to see</font></b ></summary>[org.openqa.selenium.support.ui.WebDriverWait.timeoutException(WebDriverWait.java:95)<br> org.openqa.selenium.support.ui.FluentWait.until(FluentWait.java:272)<br> testCases.SliPages.checkResolutionForSliPages(SliPages.java:24)<br> java.base/jdk.internal.reflect.NativeMethodAccessorImpl.invoke0(Native Method)<br> java.base/jdk.internal.reflect.NativeMethodAccessorImpl.invoke(NativeMethodAccessorImpl.java:77)<br> java.base/jdk.internal.reflect.DelegatingMethodAccessorImpl.invoke(DelegatingMethodAccessorImpl.java:43)<br> java.base/java.lang.reflect.Method.invoke(Method.java:568)<br> org.testng.internal.invokers.MethodInvocationHelper.invokeMethod(MethodInvocationHelper.java:135)<br> org.testng.internal.invokers.TestInvoker.invokeMethod(TestInvoker.java:673)<br> org.testng.internal.invokers.TestInvoker.invokeTestMethod(TestInvoker.java:220)<br> org.testng.internal.invokers.MethodRunner.runInSequence(MethodRunner.java:50)<br> org.testng.internal.invokers.TestInvoker$MethodInvocationAgent.invoke(TestInvoker.java:945)<br> org.testng.internal.invokers.TestInvoker.invokeTestMethods(TestInvoker.java:193)<br> org.testng.internal.invokers.TestMethodWorker.invokeTestMethods(TestMethodWorker.java:146)<br> org.testng.internal.invokers.TestMethodWorker.run(TestMethodWorker.java:128)<br> java.base/java.util.ArrayList.forEach(ArrayList.java:1511)<br> org.testng.TestRunner.privateRun(TestRunner.java:808)<br> org.testng.TestRunner.run(TestRunner.java:603)<br> org.testng.SuiteRunner.runTest(SuiteRunner.java:429)<br> org.testng.SuiteRunner.runSequentially(SuiteRunner.java:423)<br> org.testng.SuiteRunner.privateRun(SuiteRunner.java:383)<br> org.testng.SuiteRunner.run(SuiteRunner.java:326)<br> org.testng.SuiteRunnerWorker.runSuite(SuiteRunnerWorker.java:52)<br> org.testng.SuiteRunnerWorker.run(SuiteRunnerWorker.java:95)<br> org.testng.TestNG.runSuitesSequentially(TestNG.java:1249)<br> org.testng.TestNG.runSuitesLocally(TestNG.java:1169)<br> org.testng.TestNG.runSuites(TestNG.java:1092)<br> org.testng.TestNG.run(TestNG.java:1060)<br> org.apache.maven.surefire.testng.TestNGExecutor.run(TestNGExecutor.java:295)<br> org.apache.maven.surefire.testng.TestNGXmlTestSuite.execute(TestNGXmlTestSuite.java:84)<br> org.apache.maven.surefire.testng.TestNGProvider.invoke(TestNGProvider.java:90)<br> org.apache.maven.surefire.booter.ForkedBooter.invokeProviderInSameClassLoader(ForkedBooter.java:203)<br> org.apache.maven.surefire.booter.ForkedBooter.runSuitesInProcess(ForkedBooter.java:155)<br> org.apache.maven.surefire.booter.ForkedBooter.main(ForkedBooter.java:103)]</details> 

        </td>
      </tr>
      <tr class="event-row">
        <td><span class="badge log fail-bg">Fail</span></td>
        <td>4:15:23 PM</td>
        <td>
          <b><font color=red>Screenshot of failure</font></b>
    <div class="row mb-3"><div class="col-md-3">
<img data-featherlight='FailedScreenShot.png' src="FailedScreenShot.png">
    
    </div></div>
        </td>
      </tr>
      <tr class="event-row">
        <td><span class="badge log fail-bg">Fail</span></td>
        <td>4:15:23 PM</td>
        <td>
          <span class='badge white-text red'>TEST CASE FAILED</span>
        </td>
      </tr>
  </tbody>
</table>
</div>
          </div>
        </li>
        <li class="test-item"  status="fail" test-id="26"
          author=""
          tag=""
          device="">
          <div class="test-detail">
            <p class="name">testCases.SliPages     @TestCase : checkResolutionForSliPages</p>
            <p class="text-sm">
              <span>4:15:27 PM</span> / <span>00:00:31:900</span>
              <span class="badge fail-bg log float-right">Fail</span>
            </p>
          </div>
          <div class="test-contents d-none">
<div class="detail-head">
<div class="p-v-10">
<div class="info">
<h5 class="test-status text-fail">testCases.SliPages @TestCase : checkResolutionForSliPages</h5>
<span class='badge badge-success'>05.20.2022 4:15:27 PM</span>
<span class='badge badge-danger'>05.20.2022 4:15:59 PM</span>
<span class='badge badge-default'>00:00:31:900</span>
&middot; <span class='uri-anchor badge badge-default'>#test-id=26</span>
<span class='badge badge-default pointer float-right ml-1 et'><i class="fa fa-chevron-down"></i></span>
<span class='badge badge-default pointer float-right ct'><i class="fa fa-chevron-up"></i></span>
</div>
</div>
</div><div class="detail-body mt-4">
<table class="table table-sm">
  <thead><tr><th class="status-col">Status</th><th class="timestamp-col">Timestamp</th><th class="details-col">Details</th></tr></thead>
  <tbody>
      <tr class="event-row">
        <td><span class="badge log fail-bg">Fail</span></td>
        <td>4:15:59 PM</td>
        <td>
          <details><summary><b><font color=red>Exception Occured:Click to see</font></b ></summary>[org.openqa.selenium.support.ui.WebDriverWait.timeoutException(WebDriverWait.java:95)<br> org.openqa.selenium.support.ui.FluentWait.until(FluentWait.java:272)<br> testCases.SliPages.checkResolutionForSliPages(SliPages.java:24)<br> java.base/jdk.internal.reflect.NativeMethodAccessorImpl.invoke0(Native Method)<br> java.base/jdk.internal.reflect.NativeMethodAccessorImpl.invoke(NativeMethodAccessorImpl.java:77)<br> java.base/jdk.internal.reflect.DelegatingMethodAccessorImpl.invoke(DelegatingMethodAccessorImpl.java:43)<br> java.base/java.lang.reflect.Method.invoke(Method.java:568)<br> org.testng.internal.invokers.MethodInvocationHelper.invokeMethod(MethodInvocationHelper.java:135)<br> org.testng.internal.invokers.TestInvoker.invokeMethod(TestInvoker.java:673)<br> org.testng.internal.invokers.TestInvoker.invokeTestMethod(TestInvoker.java:220)<br> org.testng.internal.invokers.MethodRunner.runInSequence(MethodRunner.java:50)<br> org.testng.internal.invokers.TestInvoker$MethodInvocationAgent.invoke(TestInvoker.java:945)<br> org.testng.internal.invokers.TestInvoker.invokeTestMethods(TestInvoker.java:193)<br> org.testng.internal.invokers.TestMethodWorker.invokeTestMethods(TestMethodWorker.java:146)<br> org.testng.internal.invokers.TestMethodWorker.run(TestMethodWorker.java:128)<br> java.base/java.util.ArrayList.forEach(ArrayList.java:1511)<br> org.testng.TestRunner.privateRun(TestRunner.java:808)<br> org.testng.TestRunner.run(TestRunner.java:603)<br> org.testng.SuiteRunner.runTest(SuiteRunner.java:429)<br> org.testng.SuiteRunner.runSequentially(SuiteRunner.java:423)<br> org.testng.SuiteRunner.privateRun(SuiteRunner.java:383)<br> org.testng.SuiteRunner.run(SuiteRunner.java:326)<br> org.testng.SuiteRunnerWorker.runSuite(SuiteRunnerWorker.java:52)<br> org.testng.SuiteRunnerWorker.run(SuiteRunnerWorker.java:95)<br> org.testng.TestNG.runSuitesSequentially(TestNG.java:1249)<br> org.testng.TestNG.runSuitesLocally(TestNG.java:1169)<br> org.testng.TestNG.runSuites(TestNG.java:1092)<br> org.testng.TestNG.run(TestNG.java:1060)<br> org.apache.maven.surefire.testng.TestNGExecutor.run(TestNGExecutor.java:295)<br> org.apache.maven.surefire.testng.TestNGXmlTestSuite.execute(TestNGXmlTestSuite.java:84)<br> org.apache.maven.surefire.testng.TestNGProvider.invoke(TestNGProvider.java:90)<br> org.apache.maven.surefire.booter.ForkedBooter.invokeProviderInSameClassLoader(ForkedBooter.java:203)<br> org.apache.maven.surefire.booter.ForkedBooter.runSuitesInProcess(ForkedBooter.java:155)<br> org.apache.maven.surefire.booter.ForkedBooter.main(ForkedBooter.java:103)]</details> 

        </td>
      </tr>
      <tr class="event-row">
        <td><span class="badge log fail-bg">Fail</span></td>
        <td>4:15:59 PM</td>
        <td>
          <b><font color=red>Screenshot of failure</font></b>
    <div class="row mb-3"><div class="col-md-3">
<img data-featherlight='FailedScreenShot.png' src="FailedScreenShot.png">
    
    </div></div>
        </td>
      </tr>
      <tr class="event-row">
        <td><span class="badge log fail-bg">Fail</span></td>
        <td>4:15:59 PM</td>
        <td>
          <span class='badge white-text red'>TEST CASE FAILED</span>
        </td>
      </tr>
  </tbody>
</table>
</div>
          </div>
        </li>
        <li class="test-item"  status="fail" test-id="27"
          author=""
          tag=""
          device="">
          <div class="test-detail">
            <p class="name">testCases.SliPages     @TestCase : checkResolutionForSliPages</p>
            <p class="text-sm">
              <span>4:16:04 PM</span> / <span>00:00:32:220</span>
              <span class="badge fail-bg log float-right">Fail</span>
            </p>
          </div>
          <div class="test-contents d-none">
<div class="detail-head">
<div class="p-v-10">
<div class="info">
<h5 class="test-status text-fail">testCases.SliPages @TestCase : checkResolutionForSliPages</h5>
<span class='badge badge-success'>05.20.2022 4:16:04 PM</span>
<span class='badge badge-danger'>05.20.2022 4:16:36 PM</span>
<span class='badge badge-default'>00:00:32:220</span>
&middot; <span class='uri-anchor badge badge-default'>#test-id=27</span>
<span class='badge badge-default pointer float-right ml-1 et'><i class="fa fa-chevron-down"></i></span>
<span class='badge badge-default pointer float-right ct'><i class="fa fa-chevron-up"></i></span>
</div>
</div>
</div><div class="detail-body mt-4">
<table class="table table-sm">
  <thead><tr><th class="status-col">Status</th><th class="timestamp-col">Timestamp</th><th class="details-col">Details</th></tr></thead>
  <tbody>
      <tr class="event-row">
        <td><span class="badge log fail-bg">Fail</span></td>
        <td>4:16:35 PM</td>
        <td>
          <details><summary><b><font color=red>Exception Occured:Click to see</font></b ></summary>[org.openqa.selenium.support.ui.WebDriverWait.timeoutException(WebDriverWait.java:95)<br> org.openqa.selenium.support.ui.FluentWait.until(FluentWait.java:272)<br> testCases.SliPages.checkResolutionForSliPages(SliPages.java:24)<br> java.base/jdk.internal.reflect.NativeMethodAccessorImpl.invoke0(Native Method)<br> java.base/jdk.internal.reflect.NativeMethodAccessorImpl.invoke(NativeMethodAccessorImpl.java:77)<br> java.base/jdk.internal.reflect.DelegatingMethodAccessorImpl.invoke(DelegatingMethodAccessorImpl.java:43)<br> java.base/java.lang.reflect.Method.invoke(Method.java:568)<br> org.testng.internal.invokers.MethodInvocationHelper.invokeMethod(MethodInvocationHelper.java:135)<br> org.testng.internal.invokers.TestInvoker.invokeMethod(TestInvoker.java:673)<br> org.testng.internal.invokers.TestInvoker.invokeTestMethod(TestInvoker.java:220)<br> org.testng.internal.invokers.MethodRunner.runInSequence(MethodRunner.java:50)<br> org.testng.internal.invokers.TestInvoker$MethodInvocationAgent.invoke(TestInvoker.java:945)<br> org.testng.internal.invokers.TestInvoker.invokeTestMethods(TestInvoker.java:193)<br> org.testng.internal.invokers.TestMethodWorker.invokeTestMethods(TestMethodWorker.java:146)<br> org.testng.internal.invokers.TestMethodWorker.run(TestMethodWorker.java:128)<br> java.base/java.util.ArrayList.forEach(ArrayList.java:1511)<br> org.testng.TestRunner.privateRun(TestRunner.java:808)<br> org.testng.TestRunner.run(TestRunner.java:603)<br> org.testng.SuiteRunner.runTest(SuiteRunner.java:429)<br> org.testng.SuiteRunner.runSequentially(SuiteRunner.java:423)<br> org.testng.SuiteRunner.privateRun(SuiteRunner.java:383)<br> org.testng.SuiteRunner.run(SuiteRunner.java:326)<br> org.testng.SuiteRunnerWorker.runSuite(SuiteRunnerWorker.java:52)<br> org.testng.SuiteRunnerWorker.run(SuiteRunnerWorker.java:95)<br> org.testng.TestNG.runSuitesSequentially(TestNG.java:1249)<br> org.testng.TestNG.runSuitesLocally(TestNG.java:1169)<br> org.testng.TestNG.runSuites(TestNG.java:1092)<br> org.testng.TestNG.run(TestNG.java:1060)<br> org.apache.maven.surefire.testng.TestNGExecutor.run(TestNGExecutor.java:295)<br> org.apache.maven.surefire.testng.TestNGXmlTestSuite.execute(TestNGXmlTestSuite.java:84)<br> org.apache.maven.surefire.testng.TestNGProvider.invoke(TestNGProvider.java:90)<br> org.apache.maven.surefire.booter.ForkedBooter.invokeProviderInSameClassLoader(ForkedBooter.java:203)<br> org.apache.maven.surefire.booter.ForkedBooter.runSuitesInProcess(ForkedBooter.java:155)<br> org.apache.maven.surefire.booter.ForkedBooter.main(ForkedBooter.java:103)]</details> 

        </td>
      </tr>
      <tr class="event-row">
        <td><span class="badge log fail-bg">Fail</span></td>
        <td>4:16:36 PM</td>
        <td>
          <b><font color=red>Screenshot of failure</font></b>
    <div class="row mb-3"><div class="col-md-3">
<img data-featherlight='FailedScreenShot.png' src="FailedScreenShot.png">
    
    </div></div>
        </td>
      </tr>
      <tr class="event-row">
        <td><span class="badge log fail-bg">Fail</span></td>
        <td>4:16:36 PM</td>
        <td>
          <span class='badge white-text red'>TEST CASE FAILED</span>
        </td>
      </tr>
  </tbody>
</table>
</div>
          </div>
        </li>
        <li class="test-item"  status="fail" test-id="28"
          author=""
          tag=""
          device="">
          <div class="test-detail">
            <p class="name">testCases.SliPages     @TestCase : checkResolutionForSliPages</p>
            <p class="text-sm">
              <span>4:16:40 PM</span> / <span>00:00:32:489</span>
              <span class="badge fail-bg log float-right">Fail</span>
            </p>
          </div>
          <div class="test-contents d-none">
<div class="detail-head">
<div class="p-v-10">
<div class="info">
<h5 class="test-status text-fail">testCases.SliPages @TestCase : checkResolutionForSliPages</h5>
<span class='badge badge-success'>05.20.2022 4:16:40 PM</span>
<span class='badge badge-danger'>05.20.2022 4:17:12 PM</span>
<span class='badge badge-default'>00:00:32:489</span>
&middot; <span class='uri-anchor badge badge-default'>#test-id=28</span>
<span class='badge badge-default pointer float-right ml-1 et'><i class="fa fa-chevron-down"></i></span>
<span class='badge badge-default pointer float-right ct'><i class="fa fa-chevron-up"></i></span>
</div>
</div>
</div><div class="detail-body mt-4">
<table class="table table-sm">
  <thead><tr><th class="status-col">Status</th><th class="timestamp-col">Timestamp</th><th class="details-col">Details</th></tr></thead>
  <tbody>
      <tr class="event-row">
        <td><span class="badge log fail-bg">Fail</span></td>
        <td>4:17:12 PM</td>
        <td>
          <details><summary><b><font color=red>Exception Occured:Click to see</font></b ></summary>[org.openqa.selenium.support.ui.WebDriverWait.timeoutException(WebDriverWait.java:95)<br> org.openqa.selenium.support.ui.FluentWait.until(FluentWait.java:272)<br> testCases.SliPages.checkResolutionForSliPages(SliPages.java:24)<br> java.base/jdk.internal.reflect.NativeMethodAccessorImpl.invoke0(Native Method)<br> java.base/jdk.internal.reflect.NativeMethodAccessorImpl.invoke(NativeMethodAccessorImpl.java:77)<br> java.base/jdk.internal.reflect.DelegatingMethodAccessorImpl.invoke(DelegatingMethodAccessorImpl.java:43)<br> java.base/java.lang.reflect.Method.invoke(Method.java:568)<br> org.testng.internal.invokers.MethodInvocationHelper.invokeMethod(MethodInvocationHelper.java:135)<br> org.testng.internal.invokers.TestInvoker.invokeMethod(TestInvoker.java:673)<br> org.testng.internal.invokers.TestInvoker.invokeTestMethod(TestInvoker.java:220)<br> org.testng.internal.invokers.MethodRunner.runInSequence(MethodRunner.java:50)<br> org.testng.internal.invokers.TestInvoker$MethodInvocationAgent.invoke(TestInvoker.java:945)<br> org.testng.internal.invokers.TestInvoker.invokeTestMethods(TestInvoker.java:193)<br> org.testng.internal.invokers.TestMethodWorker.invokeTestMethods(TestMethodWorker.java:146)<br> org.testng.internal.invokers.TestMethodWorker.run(TestMethodWorker.java:128)<br> java.base/java.util.ArrayList.forEach(ArrayList.java:1511)<br> org.testng.TestRunner.privateRun(TestRunner.java:808)<br> org.testng.TestRunner.run(TestRunner.java:603)<br> org.testng.SuiteRunner.runTest(SuiteRunner.java:429)<br> org.testng.SuiteRunner.runSequentially(SuiteRunner.java:423)<br> org.testng.SuiteRunner.privateRun(SuiteRunner.java:383)<br> org.testng.SuiteRunner.run(SuiteRunner.java:326)<br> org.testng.SuiteRunnerWorker.runSuite(SuiteRunnerWorker.java:52)<br> org.testng.SuiteRunnerWorker.run(SuiteRunnerWorker.java:95)<br> org.testng.TestNG.runSuitesSequentially(TestNG.java:1249)<br> org.testng.TestNG.runSuitesLocally(TestNG.java:1169)<br> org.testng.TestNG.runSuites(TestNG.java:1092)<br> org.testng.TestNG.run(TestNG.java:1060)<br> org.apache.maven.surefire.testng.TestNGExecutor.run(TestNGExecutor.java:295)<br> org.apache.maven.surefire.testng.TestNGXmlTestSuite.execute(TestNGXmlTestSuite.java:84)<br> org.apache.maven.surefire.testng.TestNGProvider.invoke(TestNGProvider.java:90)<br> org.apache.maven.surefire.booter.ForkedBooter.invokeProviderInSameClassLoader(ForkedBooter.java:203)<br> org.apache.maven.surefire.booter.ForkedBooter.runSuitesInProcess(ForkedBooter.java:155)<br> org.apache.maven.surefire.booter.ForkedBooter.main(ForkedBooter.java:103)]</details> 

        </td>
      </tr>
      <tr class="event-row">
        <td><span class="badge log fail-bg">Fail</span></td>
        <td>4:17:12 PM</td>
        <td>
          <b><font color=red>Screenshot of failure</font></b>
    <div class="row mb-3"><div class="col-md-3">
<img data-featherlight='FailedScreenShot.png' src="FailedScreenShot.png">
    
    </div></div>
        </td>
      </tr>
      <tr class="event-row">
        <td><span class="badge log fail-bg">Fail</span></td>
        <td>4:17:12 PM</td>
        <td>
          <span class='badge white-text red'>TEST CASE FAILED</span>
        </td>
      </tr>
  </tbody>
</table>
</div>
          </div>
        </li>
        <li class="test-item"  status="fail" test-id="29"
          author=""
          tag=""
          device="">
          <div class="test-detail">
            <p class="name">testCases.SliPages     @TestCase : checkResolutionForSliPages</p>
            <p class="text-sm">
              <span>4:17:16 PM</span> / <span>00:00:32:462</span>
              <span class="badge fail-bg log float-right">Fail</span>
            </p>
          </div>
          <div class="test-contents d-none">
<div class="detail-head">
<div class="p-v-10">
<div class="info">
<h5 class="test-status text-fail">testCases.SliPages @TestCase : checkResolutionForSliPages</h5>
<span class='badge badge-success'>05.20.2022 4:17:16 PM</span>
<span class='badge badge-danger'>05.20.2022 4:17:49 PM</span>
<span class='badge badge-default'>00:00:32:462</span>
&middot; <span class='uri-anchor badge badge-default'>#test-id=29</span>
<span class='badge badge-default pointer float-right ml-1 et'><i class="fa fa-chevron-down"></i></span>
<span class='badge badge-default pointer float-right ct'><i class="fa fa-chevron-up"></i></span>
</div>
</div>
</div><div class="detail-body mt-4">
<table class="table table-sm">
  <thead><tr><th class="status-col">Status</th><th class="timestamp-col">Timestamp</th><th class="details-col">Details</th></tr></thead>
  <tbody>
      <tr class="event-row">
        <td><span class="badge log fail-bg">Fail</span></td>
        <td>4:17:49 PM</td>
        <td>
          <details><summary><b><font color=red>Exception Occured:Click to see</font></b ></summary>[org.openqa.selenium.support.ui.WebDriverWait.timeoutException(WebDriverWait.java:95)<br> org.openqa.selenium.support.ui.FluentWait.until(FluentWait.java:272)<br> testCases.SliPages.checkResolutionForSliPages(SliPages.java:24)<br> java.base/jdk.internal.reflect.NativeMethodAccessorImpl.invoke0(Native Method)<br> java.base/jdk.internal.reflect.NativeMethodAccessorImpl.invoke(NativeMethodAccessorImpl.java:77)<br> java.base/jdk.internal.reflect.DelegatingMethodAccessorImpl.invoke(DelegatingMethodAccessorImpl.java:43)<br> java.base/java.lang.reflect.Method.invoke(Method.java:568)<br> org.testng.internal.invokers.MethodInvocationHelper.invokeMethod(MethodInvocationHelper.java:135)<br> org.testng.internal.invokers.TestInvoker.invokeMethod(TestInvoker.java:673)<br> org.testng.internal.invokers.TestInvoker.invokeTestMethod(TestInvoker.java:220)<br> org.testng.internal.invokers.MethodRunner.runInSequence(MethodRunner.java:50)<br> org.testng.internal.invokers.TestInvoker$MethodInvocationAgent.invoke(TestInvoker.java:945)<br> org.testng.internal.invokers.TestInvoker.invokeTestMethods(TestInvoker.java:193)<br> org.testng.internal.invokers.TestMethodWorker.invokeTestMethods(TestMethodWorker.java:146)<br> org.testng.internal.invokers.TestMethodWorker.run(TestMethodWorker.java:128)<br> java.base/java.util.ArrayList.forEach(ArrayList.java:1511)<br> org.testng.TestRunner.privateRun(TestRunner.java:808)<br> org.testng.TestRunner.run(TestRunner.java:603)<br> org.testng.SuiteRunner.runTest(SuiteRunner.java:429)<br> org.testng.SuiteRunner.runSequentially(SuiteRunner.java:423)<br> org.testng.SuiteRunner.privateRun(SuiteRunner.java:383)<br> org.testng.SuiteRunner.run(SuiteRunner.java:326)<br> org.testng.SuiteRunnerWorker.runSuite(SuiteRunnerWorker.java:52)<br> org.testng.SuiteRunnerWorker.run(SuiteRunnerWorker.java:95)<br> org.testng.TestNG.runSuitesSequentially(TestNG.java:1249)<br> org.testng.TestNG.runSuitesLocally(TestNG.java:1169)<br> org.testng.TestNG.runSuites(TestNG.java:1092)<br> org.testng.TestNG.run(TestNG.java:1060)<br> org.apache.maven.surefire.testng.TestNGExecutor.run(TestNGExecutor.java:295)<br> org.apache.maven.surefire.testng.TestNGXmlTestSuite.execute(TestNGXmlTestSuite.java:84)<br> org.apache.maven.surefire.testng.TestNGProvider.invoke(TestNGProvider.java:90)<br> org.apache.maven.surefire.booter.ForkedBooter.invokeProviderInSameClassLoader(ForkedBooter.java:203)<br> org.apache.maven.surefire.booter.ForkedBooter.runSuitesInProcess(ForkedBooter.java:155)<br> org.apache.maven.surefire.booter.ForkedBooter.main(ForkedBooter.java:103)]</details> 

        </td>
      </tr>
      <tr class="event-row">
        <td><span class="badge log fail-bg">Fail</span></td>
        <td>4:17:49 PM</td>
        <td>
          <b><font color=red>Screenshot of failure</font></b>
    <div class="row mb-3"><div class="col-md-3">
<img data-featherlight='FailedScreenShot.png' src="FailedScreenShot.png">
    
    </div></div>
        </td>
      </tr>
      <tr class="event-row">
        <td><span class="badge log fail-bg">Fail</span></td>
        <td>4:17:49 PM</td>
        <td>
          <span class='badge white-text red'>TEST CASE FAILED</span>
        </td>
      </tr>
  </tbody>
</table>
</div>
          </div>
        </li>
        <li class="test-item"  status="pass" test-id="30"
          author=""
          tag=""
          device="">
          <div class="test-detail">
            <p class="name">testCases.WidgetsPages     @TestCase : checkResolutionForWidgets</p>
            <p class="text-sm">
              <span>4:17:53 PM</span> / <span>00:00:11:491</span>
              <span class="badge pass-bg log float-right">Pass</span>
            </p>
          </div>
          <div class="test-contents d-none">
<div class="detail-head">
<div class="p-v-10">
<div class="info">
<h5 class="test-status text-pass">testCases.WidgetsPages @TestCase : checkResolutionForWidgets</h5>
<span class='badge badge-success'>05.20.2022 4:17:53 PM</span>
<span class='badge badge-danger'>05.20.2022 4:18:05 PM</span>
<span class='badge badge-default'>00:00:11:491</span>
&middot; <span class='uri-anchor badge badge-default'>#test-id=30</span>
<span class='badge badge-default pointer float-right ml-1 et'><i class="fa fa-chevron-down"></i></span>
<span class='badge badge-default pointer float-right ct'><i class="fa fa-chevron-up"></i></span>
</div>
</div>
</div><div class="detail-body mt-4">
<table class="table table-sm">
  <thead><tr><th class="status-col">Status</th><th class="timestamp-col">Timestamp</th><th class="details-col">Details</th></tr></thead>
  <tbody>
      <tr class="event-row">
        <td><span class="badge log pass-bg">Pass</span></td>
        <td>4:18:05 PM</td>
        <td>
          <span class='badge white-text green'><b>TEST CASE:- CHECKRESOLUTIONFORWIDGETS PASSED</b></span>
        </td>
      </tr>
  </tbody>
</table>
</div>
          </div>
        </li>
        <li class="test-item"  status="pass" test-id="31"
          author=""
          tag=""
          device="">
          <div class="test-detail">
            <p class="name">testCases.WidgetsPages     @TestCase : checkResolutionForWidgets</p>
            <p class="text-sm">
              <span>4:18:05 PM</span> / <span>00:00:08:464</span>
              <span class="badge pass-bg log float-right">Pass</span>
            </p>
          </div>
          <div class="test-contents d-none">
<div class="detail-head">
<div class="p-v-10">
<div class="info">
<h5 class="test-status text-pass">testCases.WidgetsPages @TestCase : checkResolutionForWidgets</h5>
<span class='badge badge-success'>05.20.2022 4:18:05 PM</span>
<span class='badge badge-danger'>05.20.2022 4:18:13 PM</span>
<span class='badge badge-default'>00:00:08:464</span>
&middot; <span class='uri-anchor badge badge-default'>#test-id=31</span>
<span class='badge badge-default pointer float-right ml-1 et'><i class="fa fa-chevron-down"></i></span>
<span class='badge badge-default pointer float-right ct'><i class="fa fa-chevron-up"></i></span>
</div>
</div>
</div><div class="detail-body mt-4">
<table class="table table-sm">
  <thead><tr><th class="status-col">Status</th><th class="timestamp-col">Timestamp</th><th class="details-col">Details</th></tr></thead>
  <tbody>
      <tr class="event-row">
        <td><span class="badge log pass-bg">Pass</span></td>
        <td>4:18:13 PM</td>
        <td>
          <span class='badge white-text green'><b>TEST CASE:- CHECKRESOLUTIONFORWIDGETS PASSED</b></span>
        </td>
      </tr>
  </tbody>
</table>
</div>
          </div>
        </li>
        <li class="test-item"  status="pass" test-id="32"
          author=""
          tag=""
          device="">
          <div class="test-detail">
            <p class="name">testCases.WidgetsPages     @TestCase : checkResolutionForWidgets</p>
            <p class="text-sm">
              <span>4:18:13 PM</span> / <span>00:00:12:193</span>
              <span class="badge pass-bg log float-right">Pass</span>
            </p>
          </div>
          <div class="test-contents d-none">
<div class="detail-head">
<div class="p-v-10">
<div class="info">
<h5 class="test-status text-pass">testCases.WidgetsPages @TestCase : checkResolutionForWidgets</h5>
<span class='badge badge-success'>05.20.2022 4:18:13 PM</span>
<span class='badge badge-danger'>05.20.2022 4:18:25 PM</span>
<span class='badge badge-default'>00:00:12:193</span>
&middot; <span class='uri-anchor badge badge-default'>#test-id=32</span>
<span class='badge badge-default pointer float-right ml-1 et'><i class="fa fa-chevron-down"></i></span>
<span class='badge badge-default pointer float-right ct'><i class="fa fa-chevron-up"></i></span>
</div>
</div>
</div><div class="detail-body mt-4">
<table class="table table-sm">
  <thead><tr><th class="status-col">Status</th><th class="timestamp-col">Timestamp</th><th class="details-col">Details</th></tr></thead>
  <tbody>
      <tr class="event-row">
        <td><span class="badge log pass-bg">Pass</span></td>
        <td>4:18:25 PM</td>
        <td>
          <span class='badge white-text green'><b>TEST CASE:- CHECKRESOLUTIONFORWIDGETS PASSED</b></span>
        </td>
      </tr>
  </tbody>
</table>
</div>
          </div>
        </li>
        <li class="test-item"  status="pass" test-id="33"
          author=""
          tag=""
          device="">
          <div class="test-detail">
            <p class="name">testCases.WidgetsPages     @TestCase : checkResolutionForWidgets</p>
            <p class="text-sm">
              <span>4:18:25 PM</span> / <span>00:00:11:721</span>
              <span class="badge pass-bg log float-right">Pass</span>
            </p>
          </div>
          <div class="test-contents d-none">
<div class="detail-head">
<div class="p-v-10">
<div class="info">
<h5 class="test-status text-pass">testCases.WidgetsPages @TestCase : checkResolutionForWidgets</h5>
<span class='badge badge-success'>05.20.2022 4:18:25 PM</span>
<span class='badge badge-danger'>05.20.2022 4:18:37 PM</span>
<span class='badge badge-default'>00:00:11:721</span>
&middot; <span class='uri-anchor badge badge-default'>#test-id=33</span>
<span class='badge badge-default pointer float-right ml-1 et'><i class="fa fa-chevron-down"></i></span>
<span class='badge badge-default pointer float-right ct'><i class="fa fa-chevron-up"></i></span>
</div>
</div>
</div><div class="detail-body mt-4">
<table class="table table-sm">
  <thead><tr><th class="status-col">Status</th><th class="timestamp-col">Timestamp</th><th class="details-col">Details</th></tr></thead>
  <tbody>
      <tr class="event-row">
        <td><span class="badge log pass-bg">Pass</span></td>
        <td>4:18:37 PM</td>
        <td>
          <span class='badge white-text green'><b>TEST CASE:- CHECKRESOLUTIONFORWIDGETS PASSED</b></span>
        </td>
      </tr>
  </tbody>
</table>
</div>
          </div>
        </li>
        <li class="test-item"  status="pass" test-id="34"
          author=""
          tag=""
          device="">
          <div class="test-detail">
            <p class="name">testCases.WidgetsPages     @TestCase : checkResolutionForWidgets</p>
            <p class="text-sm">
              <span>4:18:37 PM</span> / <span>00:00:11:152</span>
              <span class="badge pass-bg log float-right">Pass</span>
            </p>
          </div>
          <div class="test-contents d-none">
<div class="detail-head">
<div class="p-v-10">
<div class="info">
<h5 class="test-status text-pass">testCases.WidgetsPages @TestCase : checkResolutionForWidgets</h5>
<span class='badge badge-success'>05.20.2022 4:18:37 PM</span>
<span class='badge badge-danger'>05.20.2022 4:18:48 PM</span>
<span class='badge badge-default'>00:00:11:152</span>
&middot; <span class='uri-anchor badge badge-default'>#test-id=34</span>
<span class='badge badge-default pointer float-right ml-1 et'><i class="fa fa-chevron-down"></i></span>
<span class='badge badge-default pointer float-right ct'><i class="fa fa-chevron-up"></i></span>
</div>
</div>
</div><div class="detail-body mt-4">
<table class="table table-sm">
  <thead><tr><th class="status-col">Status</th><th class="timestamp-col">Timestamp</th><th class="details-col">Details</th></tr></thead>
  <tbody>
      <tr class="event-row">
        <td><span class="badge log pass-bg">Pass</span></td>
        <td>4:18:48 PM</td>
        <td>
          <span class='badge white-text green'><b>TEST CASE:- CHECKRESOLUTIONFORWIDGETS PASSED</b></span>
        </td>
      </tr>
  </tbody>
</table>
</div>
          </div>
        </li>
        <li class="test-item"  status="pass" test-id="35"
          author=""
          tag=""
          device="">
          <div class="test-detail">
            <p class="name">testCases.WidgetsPages     @TestCase : checkResolutionForWidgets</p>
            <p class="text-sm">
              <span>4:18:48 PM</span> / <span>00:00:11:169</span>
              <span class="badge pass-bg log float-right">Pass</span>
            </p>
          </div>
          <div class="test-contents d-none">
<div class="detail-head">
<div class="p-v-10">
<div class="info">
<h5 class="test-status text-pass">testCases.WidgetsPages @TestCase : checkResolutionForWidgets</h5>
<span class='badge badge-success'>05.20.2022 4:18:48 PM</span>
<span class='badge badge-danger'>05.20.2022 4:18:59 PM</span>
<span class='badge badge-default'>00:00:11:169</span>
&middot; <span class='uri-anchor badge badge-default'>#test-id=35</span>
<span class='badge badge-default pointer float-right ml-1 et'><i class="fa fa-chevron-down"></i></span>
<span class='badge badge-default pointer float-right ct'><i class="fa fa-chevron-up"></i></span>
</div>
</div>
</div><div class="detail-body mt-4">
<table class="table table-sm">
  <thead><tr><th class="status-col">Status</th><th class="timestamp-col">Timestamp</th><th class="details-col">Details</th></tr></thead>
  <tbody>
      <tr class="event-row">
        <td><span class="badge log pass-bg">Pass</span></td>
        <td>4:18:59 PM</td>
        <td>
          <span class='badge white-text green'><b>TEST CASE:- CHECKRESOLUTIONFORWIDGETS PASSED</b></span>
        </td>
      </tr>
  </tbody>
</table>
</div>
          </div>
        </li>
        <li class="test-item"  status="pass" test-id="36"
          author=""
          tag=""
          device="">
          <div class="test-detail">
            <p class="name">testCases.WidgetsPages     @TestCase : checkResolutionForWidgets</p>
            <p class="text-sm">
              <span>4:18:59 PM</span> / <span>00:00:11:366</span>
              <span class="badge pass-bg log float-right">Pass</span>
            </p>
          </div>
          <div class="test-contents d-none">
<div class="detail-head">
<div class="p-v-10">
<div class="info">
<h5 class="test-status text-pass">testCases.WidgetsPages @TestCase : checkResolutionForWidgets</h5>
<span class='badge badge-success'>05.20.2022 4:18:59 PM</span>
<span class='badge badge-danger'>05.20.2022 4:19:11 PM</span>
<span class='badge badge-default'>00:00:11:366</span>
&middot; <span class='uri-anchor badge badge-default'>#test-id=36</span>
<span class='badge badge-default pointer float-right ml-1 et'><i class="fa fa-chevron-down"></i></span>
<span class='badge badge-default pointer float-right ct'><i class="fa fa-chevron-up"></i></span>
</div>
</div>
</div><div class="detail-body mt-4">
<table class="table table-sm">
  <thead><tr><th class="status-col">Status</th><th class="timestamp-col">Timestamp</th><th class="details-col">Details</th></tr></thead>
  <tbody>
      <tr class="event-row">
        <td><span class="badge log pass-bg">Pass</span></td>
        <td>4:19:11 PM</td>
        <td>
          <span class='badge white-text green'><b>TEST CASE:- CHECKRESOLUTIONFORWIDGETS PASSED</b></span>
        </td>
      </tr>
  </tbody>
</table>
</div>
          </div>
        </li>
      </ul>
    </div>
  </div>
<div class="test-content scrollable">
<div class="test-content-tools">
<ul><li><a class="back-to-test" href="#"><i class="fa fa-arrow-left"></i></a></li></ul>
</div>
<div class="test-content-detail"><div class="detail-body"></div></div>
</div></div>
<div class="container-fluid p-4 view dashboard-view">
<div class="row">
<div class="col-md-3">
<div class="card"><div class="card-body">
<p class="m-b-0">Started</p>
<h3>May 20, 2022 04:02:09 PM</h3>
</div></div>
</div>
<div class="col-md-3">
<div class="card"><div class="card-body">
<p class="m-b-0">Ended</p>
<h3>May 20, 2022 04:19:11 PM</h3>
</div></div>
</div>
<div class="col-md-3">
<div class="card"><div class="card-body">
<p class="m-b-0 text-pass">Tests Passed</p>
<h3>19</h3>
</div></div>
</div>
<div class="col-md-3">
<div class="card"><div class="card-body">
<p class="m-b-0 text-fail">Tests Failed</p>
<h3>17</h3>
</div></div>
</div>
</div>
<div class="row">
<div class="col-md-6">
<div class="card">
<div class="card-header">
<h6 class="card-title">Tests</h6>
</div>
<div class="card-body">
<div class="">
<canvas id='parent-analysis' width='115' height='90'></canvas>
</div>
</div>
<div class="card-footer">
<div><small data-tooltip='52%'>
<b>19</b> tests passed
</small>
</div>
<div>
<small data-tooltip='47%'><b>17</b> tests failed,
<b>0</b> skipped, <b data-tooltip='0%'>0</b> others
</small>
</div>
</div>
</div>
</div>
<div class="col-md-6">
<div class="card">
<div class="card-header">
<h6 class="card-title">Log events</h6>
</div>
<div class="card-body">
<div class="">
<canvas id='events-analysis' width='115' height='90'></canvas>
</div>
</div>
<div class="card-footer">
<div><small data-tooltip='27%'><b>19</b> events passed</small></div>
<div>
<small data-tooltip='72%'><b>51</b> events failed,
<b data-tooltip='%'>0</b> others
</small>
</div>
</div>
</div>
</div>
</div>
<div class="row"><div class="col-md-12">
<div class="card"><div class="card-header"><p>Timeline</p></div>
<div class="card-body pt-0"><div>
<canvas id="timeline" height="120"></canvas>
</div></div>
</div>
</div></div>
<script>
var timeline = {
"testCases.A4Pages @TestCase : checkResolutionForA4Pages":45.831,"testCases.A4Pages @TestCase : checkResolutionForA4Pages":37.361,"testCases.A4Pages @TestCase : checkResolutionForA4Pages":35.573,"testCases.A4Pages @TestCase : checkResolutionForA4Pages":32.52,"testCases.A4Pages @TestCase : checkResolutionForA4Pages":32.245,"testCases.A4Pages @TestCase : checkResolutionForA4Pages":32.359,"testCases.A4Pages @TestCase : checkResolutionForA4Pages":33.282,"testCases.A4Pages @TestCase : checkResolutionForA4Pages":32.407,"testCases.NewlyProducts @TestCase : checkResolutionForNewlyProducts":10.963,"testCases.NewlyProducts @TestCase : checkResolutionForNewlyProducts":14.732,"testCases.NewlyProducts @TestCase : checkResolutionForNewlyProducts":21.216,"testCases.NewlyProducts @TestCase : checkResolutionForNewlyProducts":39.515,"testCases.NewlyProducts @TestCase : checkResolutionForNewlyProducts":10.659,"testCases.NewlyProducts @TestCase : checkResolutionForNewlyProducts":21.265,"testCases.NewlyProducts @TestCase : checkResolutionForNewlyProducts":9.558,"testCases.PopularPPts @TestCase : checkResolutionForpopularPPts":17.127,"testCases.PopularPPts @TestCase : checkResolutionForpopularPPts":75.339,"testCases.PopularPPts @TestCase : checkResolutionForpopularPPts":17.013,"testCases.PopularPPts @TestCase : checkResolutionForpopularPPts":52.617,"testCases.PopularPPts @TestCase : checkResolutionForpopularPPts":16.638,"testCases.PopularPPts @TestCase : checkResolutionForpopularPPts":10.579,"testCases.PopularPPts @TestCase : checkResolutionForpopularPPts":56.224,"testCases.SliPages @TestCase : checkResolutionForSliPages":33.068,"testCases.SliPages @TestCase : checkResolutionForSliPages":32.453,"testCases.SliPages @TestCase : checkResolutionForSliPages":31.842,"testCases.SliPages @TestCase : checkResolutionForSliPages":31.9,"testCases.SliPages @TestCase : checkResolutionForSliPages":32.22,"testCases.SliPages @TestCase : checkResolutionForSliPages":32.489,"testCases.SliPages @TestCase : checkResolutionForSliPages":32.462,"testCases.WidgetsPages @TestCase : checkResolutionForWidgets":11.491,"testCases.WidgetsPages @TestCase : checkResolutionForWidgets":8.464,"testCases.WidgetsPages @TestCase : checkResolutionForWidgets":12.193,"testCases.WidgetsPages @TestCase : checkResolutionForWidgets":11.721,"testCases.WidgetsPages @TestCase : checkResolutionForWidgets":11.152,"testCases.WidgetsPages @TestCase : checkResolutionForWidgets":11.169,"testCases.WidgetsPages @TestCase : checkResolutionForWidgets":11.366
};
</script>
<div class="row">
<div class="col-lg-6 col-md-12 sysenv-container">
<div class="card">
<div class="card-header"><p>System/Environment</p></div>
<div class="card-body pb-0 pt-0"><table class="table table-sm table-bordered">
<thead><tr class="bg-gray"><th>Name</th><th>Value</th></tr></thead>
<tbody>
<tr>
<td>Automation Tester</td>
<td>Nisha Dhiman</td>
</tr>
<tr>
<td>Organization</td>
<td>slidetech</td>
</tr>
<tr>
<td>Build no</td>
<td>W2A-1234</td>
</tr>
</tbody>
</table></div>
</div>
</div>
</div>
</div>
<script>
var statusGroup = {
parentCount: 5,
passParent: 19,
failParent: 17,
warningParent: 0,
skipParent: 0,
childCount: 5,
passChild: 0,
failChild: 0,
warningChild: 0,
skipChild: 0,
infoChild: 0,
grandChildCount: 5,
passGrandChild: 0,
failGrandChild: 0,
warningGrandChild: 0,
skipGrandChild: 0,
infoGrandChild: 0,
eventsCount: 5,
passEvents: 19,
failEvents: 51,
warningEvents: 0,
skipEvents: 0,
infoEvents: 0
};
</script>        </div>
      </div>
    </div>
  </div>
<script src="https://cdn.jsdelivr.net/gh/extent-framework/extent-github-cdn@d6562a79075e061305ccfdb82f01e5e195e2d307/spark/js/spark-script.js"></script>
<script type="text/javascript"></script></body>
</html>